2025-07-15 16:56:42,457 - Logger - INFO - Start time: 2025-07-15 16:56:42
2025-07-15 16:56:42,457 - Logger - INFO - Starting the run_all process...
2025-07-15 16:56:42,458 - Logger - INFO - Model Name: 2c3f, Width: 4, Activation: 4, Epochs: 500, Random Seed: 1998, Dataset Name: MNIST, Pruning Type: l1, Try ID: test2, Folding Config File: auto
2025-07-15 16:56:42,526 - Logger - INFO - Model 2c3f obtained with width 4 and activation 4.
2025-07-15 17:14:44,336 - Logger - INFO - Start time: 2025-07-15 17:14:44
2025-07-15 17:14:44,336 - Logger - INFO - Starting the run_all process...
2025-07-15 17:14:44,336 - Logger - INFO - Model Name: 2c3f, Width: 4, Activation: 4, Epochs: 500, Random Seed: 1998, Dataset Name: MNIST, Pruning Type: l1, Try ID: test2, Folding Config File: auto
2025-07-15 17:17:14,934 - Logger - INFO - Start time: 2025-07-15 17:17:14
2025-07-15 17:17:14,934 - Logger - INFO - Starting the run_all process...
2025-07-15 17:17:14,934 - Logger - INFO - Model Name: 2c3f, Width: 4, Activation: 4, Epochs: 500, Random Seed: 1998, Dataset Name: MNIST, Pruning Type: l1, Try ID: test2, Folding Config File: auto
2025-07-15 17:18:30,225 - Logger - INFO - Start time: 2025-07-15 17:18:30
2025-07-15 17:18:30,225 - Logger - INFO - Starting the run_all process...
2025-07-15 17:18:30,225 - Logger - INFO - Model Name: unsw_fc, Width: 4, Activation: 4, Epochs: 500, Random Seed: 1998, Dataset Name: UNSW, Pruning Type: l1, Try ID: test2, Folding Config File: auto
2025-07-15 17:19:24,504 - Logger - INFO - Start time: 2025-07-15 17:19:24
2025-07-15 17:19:24,504 - Logger - INFO - Starting the run_all process...
2025-07-15 17:19:24,504 - Logger - INFO - Model Name: unsw_fc2, Width: 4, Activation: 4, Epochs: 500, Random Seed: 1998, Dataset Name: UNSW, Pruning Type: l1, Try ID: test2, Folding Config File: auto
2025-07-15 17:19:32,392 - Logger - INFO - Start time: 2025-07-15 17:19:32
2025-07-15 17:19:32,392 - Logger - INFO - Starting the run_all process...
2025-07-15 17:19:32,392 - Logger - INFO - Model Name: unsw_fc, Width: 4, Activation: 4, Epochs: 500, Random Seed: 1998, Dataset Name: UNSW2, Pruning Type: l1, Try ID: test2, Folding Config File: auto
2025-07-15 17:20:27,623 - Logger - INFO - Start time: 2025-07-15 17:20:27
2025-07-15 17:20:27,623 - Logger - INFO - Starting the run_all process...
2025-07-15 17:20:27,623 - Logger - INFO - Model Name: unsw_fc, Width: 2, Activation: 2, Epochs: 1000, Random Seed: 1998, Dataset Name: UNSW, Pruning Type: l1, Try ID: 0715, Folding Config File: auto
2025-07-15 18:02:48,708 - Logger - INFO - Start time: 2025-07-15 18:02:48
2025-07-15 18:02:48,708 - Logger - INFO - Starting the run_all process...
2025-07-15 18:02:48,708 - Logger - INFO - Model Name: unsw_fc, Width: 2, Activation: 2, Epochs: 2000, Random Seed: 1998, Dataset Name: UNSW, Pruning Type: l1, Try ID: 0715, Folding Config File: auto
2025-07-15 23:05:15,848 - Logger - INFO - Start time: 2025-07-15 23:05:15
2025-07-15 23:05:15,849 - Logger - INFO - Starting the run_all process...
2025-07-15 23:05:15,849 - Logger - INFO - Model Name: unsw_fc, Width: 2, Activation: 2, Epochs: 2000, Random Seed: 1998, Dataset Name: UNSW, Pruning Type: l1, Try ID: 0715, Folding Config File: auto
2025-07-15 23:13:06,305 - Logger - INFO - Start time: 2025-07-15 23:13:06
2025-07-15 23:13:06,305 - Logger - INFO - Starting the run_all process...
2025-07-15 23:13:06,305 - Logger - INFO - Model Name: unsw_fc, Width: 2, Activation: 2, Epochs: 2000, Random Seed: 1998, Dataset Name: UNSW, Pruning Type: l1, Try ID: 0715, Folding Config File: auto
2025-07-15 23:14:25,213 - Logger - INFO - Start time: 2025-07-15 23:14:25
2025-07-15 23:14:25,213 - Logger - INFO - Starting the run_all process...
2025-07-15 23:14:25,213 - Logger - INFO - Model Name: unsw_fc, Width: 2, Activation: 2, Epochs: 2000, Random Seed: 1998, Dataset Name: UNSW, Pruning Type: l1, Try ID: 0715, Folding Config File: auto
2025-07-15 23:15:41,561 - Logger - INFO - Start time: 2025-07-15 23:15:41
2025-07-15 23:15:41,561 - Logger - INFO - Starting the run_all process...
2025-07-15 23:15:41,561 - Logger - INFO - Model Name: unsw_fc, Width: 2, Activation: 2, Epochs: 2000, Random Seed: 1998, Dataset Name: UNSW, Pruning Type: l1, Try ID: 0715, Folding Config File: auto
2025-07-15 23:16:50,470 - Logger - INFO - Start time: 2025-07-15 23:16:50
2025-07-15 23:16:50,470 - Logger - INFO - Starting the run_all process...
2025-07-15 23:16:50,470 - Logger - INFO - Model Name: unsw_fc, Width: 2, Activation: 2, Epochs: 2000, Random Seed: 1998, Dataset Name: UNSW, Pruning Type: l1, Try ID: 0715, Folding Config File: auto
2025-07-15 23:23:53,454 - Logger - INFO - Start time: 2025-07-15 23:23:53
2025-07-15 23:23:53,454 - Logger - INFO - Starting the run_all process...
2025-07-15 23:23:53,454 - Logger - INFO - Model Name: unsw_fc, Width: 2, Activation: 2, Epochs: 2000, Random Seed: 1998, Dataset Name: UNSW, Pruning Type: l1, Try ID: 0715, Folding Config File: auto
2025-07-15 23:25:32,521 - Logger - INFO - Start time: 2025-07-15 23:25:32
2025-07-15 23:25:32,521 - Logger - INFO - Starting the run_all process...
2025-07-15 23:25:32,521 - Logger - INFO - Model Name: unsw_fc, Width: 2, Activation: 2, Epochs: 2000, Random Seed: 1998, Dataset Name: UNSW, Pruning Type: l1, Try ID: 0715, Folding Config File: auto
2025-07-15 23:30:15,305 - Logger - INFO - Start time: 2025-07-15 23:30:15
2025-07-15 23:30:15,305 - Logger - INFO - Starting the run_all process...
2025-07-15 23:30:15,305 - Logger - INFO - Model Name: unsw_fc, Width: 2, Activation: 2, Epochs: 2000, Random Seed: 1998, Dataset Name: UNSW, Pruning Type: l1, Try ID: 0715, Folding Config File: auto
2025-07-15 23:30:30,876 - Logger - INFO - Start time: 2025-07-15 23:30:30
2025-07-15 23:30:30,876 - Logger - INFO - Starting the run_all process...
2025-07-15 23:30:30,876 - Logger - INFO - Model Name: unsw_fc, Width: 2, Activation: 2, Epochs: 2000, Random Seed: 1998, Dataset Name: UNSW, Pruning Type: l1, Try ID: 0715, Folding Config File: auto
2025-07-15 23:32:37,976 - Logger - INFO - Start time: 2025-07-15 23:32:37
2025-07-15 23:32:37,976 - Logger - INFO - Starting the run_all process...
2025-07-15 23:32:37,976 - Logger - INFO - Model Name: unsw_fc, Width: 2, Activation: 2, Epochs: 2000, Random Seed: 1998, Dataset Name: UNSW, Pruning Type: l1, Try ID: 0715, Folding Config File: auto
2025-07-15 23:50:48,673 - Logger - INFO - Start time: 2025-07-15 23:50:48
2025-07-15 23:50:48,673 - Logger - INFO - Starting the run_all process...
2025-07-15 23:50:48,673 - Logger - INFO - Model Name: unsw_fc, Width: 2, Activation: 2, Epochs: 2000, Random Seed: 1998, Dataset Name: UNSW, Pruning Type: l1, Try ID: 0715, Folding Config File: auto
2025-07-15 23:53:17,983 - Logger - INFO - Start time: 2025-07-15 23:53:17
2025-07-15 23:53:17,983 - Logger - INFO - Starting the run_all process...
2025-07-15 23:53:17,983 - Logger - INFO - Model Name: unsw_fc, Width: 2, Activation: 2, Epochs: 2000, Random Seed: 1998, Dataset Name: UNSW, Pruning Type: l1, Try ID: 0715, Folding Config File: auto
2025-07-16 00:07:35,134 - Logger - INFO - Start time: 2025-07-16 00:07:35
2025-07-16 00:07:35,134 - Logger - INFO - Starting the run_all process...
2025-07-16 00:07:35,134 - Logger - INFO - Model Name: unsw_fc, Width: 2, Activation: 2, Epochs: 2000, Random Seed: 1998, Dataset Name: UNSW, Pruning Type: l1, Try ID: 0715, Folding Config File: auto
2025-07-16 00:19:37,616 - Logger - INFO - Start time: 2025-07-16 00:19:37
2025-07-16 00:19:37,616 - Logger - INFO - Starting the run_all process...
2025-07-16 00:19:37,616 - Logger - INFO - Model Name: unsw_fc, Width: 2, Activation: 2, Epochs: 2000, Random Seed: 1998, Dataset Name: UNSW, Pruning Type: l1, Try ID: 0715, Folding Config File: auto
2025-07-16 00:25:09,962 - Logger - INFO - Start time: 2025-07-16 00:25:09
2025-07-16 00:25:09,962 - Logger - INFO - Starting the run_all process...
2025-07-16 00:25:09,962 - Logger - INFO - Model Name: unsw_fc, Width: 2, Activation: 2, Epochs: 2000, Random Seed: 1998, Dataset Name: UNSW, Pruning Type: l1, Try ID: 0715, Folding Config File: auto
2025-07-16 00:40:25,330 - Logger - INFO - Start time: 2025-07-16 00:40:25
2025-07-16 00:40:25,330 - Logger - INFO - Starting the run_all process...
2025-07-16 00:40:25,330 - Logger - INFO - Model Name: unsw_fc, Width: 2, Activation: 2, Epochs: 2000, Random Seed: 1998, Dataset Name: UNSW, Pruning Type: l1, Try ID: 0715, Folding Config File: auto
2025-07-16 01:04:47,747 - Logger - INFO - Start time: 2025-07-16 01:04:47
2025-07-16 01:04:47,747 - Logger - INFO - Starting the run_all process...
2025-07-16 01:04:47,747 - Logger - INFO - Model Name: unsw_fc, Width: 2, Activation: 2, Epochs: 2000, Random Seed: 1998, Dataset Name: UNSW, Pruning Type: l1, Try ID: 0715, Folding Config File: auto
2025-07-16 01:10:57,860 - Logger - INFO - Start time: 2025-07-16 01:10:57
2025-07-16 01:10:57,860 - Logger - INFO - Starting the run_all process...
2025-07-16 01:10:57,860 - Logger - INFO - Model Name: unsw_fc, Width: 2, Activation: 2, Epochs: 2000, Random Seed: 1998, Dataset Name: UNSW, Pruning Type: l1, Try ID: 0715, Folding Config File: auto
2025-07-16 01:11:24,083 - Logger - INFO - Start time: 2025-07-16 01:11:24
2025-07-16 01:11:24,084 - Logger - INFO - Starting the run_all process...
2025-07-16 01:11:24,084 - Logger - INFO - Model Name: unsw_fc, Width: 2, Activation: 2, Epochs: 2000, Random Seed: 1998, Dataset Name: UNSW, Pruning Type: l1, Try ID: 0715, Folding Config File: auto
2025-07-16 01:45:38,890 - Logger - INFO - Start time: 2025-07-16 01:45:38
2025-07-16 01:45:38,890 - Logger - INFO - Starting the run_all process...
2025-07-16 01:45:38,890 - Logger - INFO - Model Name: unsw_fc, Width: 2, Activation: 2, Epochs: 2000, Random Seed: 1998, Dataset Name: UNSW, Pruning Type: l1, Try ID: 0715, Folding Config File: auto
2025-07-16 02:30:46,096 - Logger - INFO - Start time: 2025-07-16 02:30:46
2025-07-16 02:30:46,097 - Logger - INFO - Starting the run_all process...
2025-07-16 02:30:46,097 - Logger - INFO - Model Name: unsw_fc, Width: 2, Activation: 2, Epochs: 2000, Random Seed: 1998, Dataset Name: UNSW, Pruning Type: l1, Try ID: 0715, Folding Config File: auto
2025-07-16 02:31:50,889 - Logger - INFO - Start time: 2025-07-16 02:31:50
2025-07-16 02:31:50,889 - Logger - INFO - Starting the run_all process...
2025-07-16 02:31:50,889 - Logger - INFO - Model Name: unsw_fc, Width: 2, Activation: 2, Epochs: 2000, Random Seed: 1998, Dataset Name: UNSW, Pruning Type: l1, Try ID: 0715, Folding Config File: auto
2025-07-16 11:28:49,887 - Logger - INFO - Start time: 2025-07-16 11:28:49
2025-07-16 11:28:49,887 - Logger - INFO - Starting the run_all process...
2025-07-16 11:28:49,887 - Logger - INFO - Model Name: unsw_fc, Width: 2, Activation: 2, Epochs: 2000, Random Seed: 1998, Dataset Name: UNSW, Pruning Type: l1, Try ID: 0715, Folding Config File: auto
2025-07-16 12:33:30,401 - Logger - INFO - Start time: 2025-07-16 12:33:30
2025-07-16 12:33:30,401 - Logger - INFO - Starting the run_all process...
2025-07-16 12:33:30,401 - Logger - INFO - Model Name: unsw_fc, Width: 2, Activation: 2, Epochs: 2000, Random Seed: 1998, Dataset Name: UNSW, Pruning Type: l1, Try ID: 0715, Folding Config File: auto
2025-07-16 13:24:00,237 - Logger - INFO - Start time: 2025-07-16 13:24:00
2025-07-16 13:24:00,237 - Logger - INFO - Starting the run_all process...
2025-07-16 13:24:26,994 - Logger - INFO - Start time: 2025-07-16 13:24:26
2025-07-16 13:24:26,994 - Logger - INFO - Starting the run_all process...
2025-07-16 13:24:26,994 - Logger - INFO - Model Name: unsw_fc, Width: 2, Activation: 2, Epochs: 500, Random Seed: 1998, Dataset Name: UNSW, Pruning Type: l1, Try ID: 0715, Folding Config File: auto
2025-07-16 13:25:53,026 - Logger - INFO - Start time: 2025-07-16 13:25:53
2025-07-16 13:25:53,027 - Logger - INFO - Starting the run_all process...
2025-07-16 13:25:53,027 - Logger - INFO - Model Name: unsw_fc, Width: 2, Activation: 2, Epochs: 500, Random Seed: 1998, Dataset Name: UNSW, Pruning Type: l1, Try ID: 0715, Folding Config File: auto
2025-07-16 13:28:41,134 - Logger - INFO - Start time: 2025-07-16 13:28:41
2025-07-16 13:28:41,134 - Logger - INFO - Starting the run_all process...
2025-07-16 13:28:41,134 - Logger - INFO - Model Name: unsw_fc, Width: 2, Activation: 2, Epochs: 500, Random Seed: 1998, Dataset Name: UNSW, Pruning Type: l1, Try ID: 0715, Folding Config File: auto
2025-07-16 13:29:33,679 - Logger - INFO - Start time: 2025-07-16 13:29:33
2025-07-16 13:29:33,680 - Logger - INFO - Starting the run_all process...
2025-07-16 13:29:33,680 - Logger - INFO - Model Name: unsw_fc, Width: 2, Activation: 2, Epochs: 500, Random Seed: 1998, Dataset Name: UNSW, Pruning Type: l1, Try ID: 0715, Folding Config File: auto
2025-07-16 14:23:51,403 - Logger - INFO - Start time: 2025-07-16 14:23:51
2025-07-16 14:23:51,403 - Logger - INFO - Starting the run_all process...
2025-07-16 14:23:51,403 - Logger - INFO - Model Name: unsw_fc, Width: 2, Activation: 2, Epochs: 500, Random Seed: 1998, Dataset Name: UNSW, Pruning Type: l1, Try ID: 0715, Folding Config File: auto
2025-07-16 14:27:54,220 - Logger - INFO - Start time: 2025-07-16 14:27:54
2025-07-16 14:27:54,220 - Logger - INFO - Starting the run_all process...
2025-07-16 14:27:54,220 - Logger - INFO - Model Name: unsw_fc, Width: 2, Activation: 2, Epochs: 500, Random Seed: 1998, Dataset Name: UNSW, Pruning Type: l1, Try ID: 0715, Folding Config File: auto
2025-07-16 14:28:12,825 - Logger - INFO - Start time: 2025-07-16 14:28:12
2025-07-16 14:28:12,825 - Logger - INFO - Starting the run_all process...
2025-07-16 14:28:12,825 - Logger - INFO - Model Name: unsw_fc, Width: 2, Activation: 2, Epochs: 500, Random Seed: 1998, Dataset Name: UNSW, Pruning Type: l1, Try ID: 0715, Folding Config File: auto
2025-07-16 14:28:12,825 - Logger - INFO - Loading pretrained model from pretrained/unsw_fc_w2_a2_pretrained.pth
2025-07-16 14:28:15,256 - Logger - INFO - Test accuracy: 91.89%
2025-07-16 14:29:24,444 - Logger - INFO - Start time: 2025-07-16 14:29:24
2025-07-16 14:29:24,445 - Logger - INFO - Starting the run_all process...
2025-07-16 14:29:24,445 - Logger - INFO - Model Name: unsw_fc, Width: 2, Activation: 2, Epochs: 500, Random Seed: 1998, Dataset Name: UNSW, Pruning Type: l1, Try ID: 0715, Folding Config File: auto
2025-07-16 14:29:24,445 - Logger - INFO - Loading pretrained model from pretrained/unsw_fc_w2_a2_pretrained.pth
2025-07-16 14:29:26,860 - Logger - INFO - Test accuracy: 91.89%
2025-07-16 14:30:42,396 - Logger - INFO - Start time: 2025-07-16 14:30:42
2025-07-16 14:30:42,396 - Logger - INFO - Starting the run_all process...
2025-07-16 14:30:42,396 - Logger - INFO - Model Name: unsw_fc, Width: 2, Activation: 2, Epochs: 500, Random Seed: 1998, Dataset Name: UNSW, Pruning Type: l1, Try ID: 0715, Folding Config File: auto
2025-07-16 14:30:42,396 - Logger - INFO - ==================================================
2025-07-16 14:30:42,396 - Logger - INFO - Step 1: Model training or loading...
2025-07-16 14:30:42,396 - Logger - INFO - Loading pretrained model from pretrained/unsw_fc_w2_a2_pretrained.pth
2025-07-16 14:30:44,823 - Logger - INFO - Test accuracy: 91.89%
2025-07-16 14:32:09,778 - Logger - INFO - ==================================================
2025-07-16 14:32:09,778 - Logger - INFO - Start time: 2025-07-16 14:32:09
2025-07-16 14:32:09,778 - Logger - INFO - Starting the run_all process...
2025-07-16 14:32:09,778 - Logger - INFO - Model Name: unsw_fc, Width: 2, Activation: 2, Epochs: 500, Random Seed: 1998, Dataset Name: UNSW, Pruning Type: l1, Try ID: 0715, Folding Config File: auto
2025-07-16 14:32:09,778 - Logger - INFO - ==================================================
2025-07-16 14:32:09,778 - Logger - INFO - Step 1: Model training or loading...
2025-07-16 14:32:09,778 - Logger - INFO - Loading pretrained model from pretrained/unsw_fc_w2_a2_pretrained.pth
2025-07-16 14:32:12,263 - Logger - INFO - Test accuracy: 91.89%
2025-07-16 14:37:12,182 - Logger - INFO - ==================================================
2025-07-16 14:37:12,182 - Logger - INFO - Start time: 2025-07-16 14:37:12
2025-07-16 14:37:12,182 - Logger - INFO - Starting the run_all process...
2025-07-16 14:37:12,182 - Logger - INFO - Model Name: unsw_fc, Width: 2, Activation: 2, Epochs: 500, Random Seed: 1998, Dataset Name: UNSW, Pruning Type: l1, Try ID: 0715, Folding Config File: auto
2025-07-16 14:37:12,182 - Logger - INFO - ==================================================
2025-07-16 14:37:12,182 - Logger - INFO - Step 1: Model training or loading...
2025-07-16 14:37:12,182 - Logger - INFO - Loading pretrained model from pretrained/unsw_fc_w2_a2_pretrained.pth
2025-07-16 14:37:14,660 - Logger - INFO - Test accuracy: 91.89%
2025-07-16 14:37:14,661 - Logger - INFO - ==================================================
2025-07-16 14:37:14,661 - Logger - INFO - Step 2: Model pruning estimation...
2025-07-16 16:13:48,547 - Logger - INFO - ==================================================
2025-07-16 16:13:48,548 - Logger - INFO - Start time: 2025-07-16 16:13:48
2025-07-16 16:13:48,548 - Logger - INFO - Starting the run_all process...
2025-07-16 16:13:48,548 - Logger - INFO - Model Name: unsw_fc, Width: 2, Activation: 2, Epochs: 500, Random Seed: 1998, Dataset Name: UNSW, Pruning Type: l1, Try ID: 0715, Folding Config File: auto
2025-07-16 16:13:48,548 - Logger - INFO - ==================================================
2025-07-16 16:13:48,548 - Logger - INFO - Step 1: Model training or loading...
2025-07-16 16:13:48,548 - Logger - INFO - Loading pretrained model from pretrained/unsw_fc_w2_a2_pretrained.pth
2025-07-16 16:13:50,943 - Logger - INFO - Test accuracy: 91.89%
2025-07-16 16:13:50,944 - Logger - INFO - ==================================================
2025-07-16 16:13:50,944 - Logger - INFO - Step 2: Model pruning estimation...
2025-07-16 16:17:27,258 - Logger - INFO - ==================================================
2025-07-16 16:17:27,258 - Logger - INFO - Start time: 2025-07-16 16:17:27
2025-07-16 16:17:27,258 - Logger - INFO - Starting the run_all process...
2025-07-16 16:17:27,258 - Logger - INFO - Model Name: unsw_fc, Width: 2, Activation: 2, Epochs: 500, Random Seed: 1998, Dataset Name: UNSW, Pruning Type: l1, Try ID: 0715, Folding Config File: auto
2025-07-16 16:17:27,258 - Logger - INFO - ==================================================
2025-07-16 16:17:27,258 - Logger - INFO - Step 1: Model training or loading...
2025-07-16 16:17:27,258 - Logger - INFO - Loading pretrained model from pretrained/unsw_fc_w2_a2_pretrained.pth
2025-07-16 16:17:29,635 - Logger - INFO - Test accuracy: 91.89%
2025-07-16 16:17:29,635 - Logger - INFO - ==================================================
2025-07-16 16:17:29,635 - Logger - INFO - Step 2: Model pruning estimation...
2025-07-16 16:17:46,460 - Logger - INFO - ==================================================
2025-07-16 16:17:46,460 - Logger - INFO - Start time: 2025-07-16 16:17:46
2025-07-16 16:17:46,460 - Logger - INFO - Starting the run_all process...
2025-07-16 16:17:46,460 - Logger - INFO - Model Name: unsw_fc, Width: 2, Activation: 2, Epochs: 500, Random Seed: 1998, Dataset Name: UNSW, Pruning Type: l1, Try ID: 0715, Folding Config File: auto
2025-07-16 16:17:46,460 - Logger - INFO - ==================================================
2025-07-16 16:17:46,460 - Logger - INFO - Step 1: Model training or loading...
2025-07-16 16:17:46,460 - Logger - INFO - Loading pretrained model from pretrained/unsw_fc_w2_a2_pretrained.pth
2025-07-16 16:17:48,853 - Logger - INFO - Test accuracy: 91.89%
2025-07-16 16:17:48,853 - Logger - INFO - ==================================================
2025-07-16 16:17:48,853 - Logger - INFO - Step 2: Model pruning estimation...
2025-07-16 16:27:11,622 - Logger - INFO - ==================================================
2025-07-16 16:27:11,622 - Logger - INFO - Start time: 2025-07-16 16:27:11
2025-07-16 16:27:11,622 - Logger - INFO - Starting the run_all process...
2025-07-16 16:27:11,622 - Logger - INFO - Model Name: unsw_fc, Width: 2, Activation: 2, Epochs: 500, Random Seed: 1998, Dataset Name: UNSW, Pruning Type: l1, Try ID: 0715, Folding Config File: auto
2025-07-16 16:27:11,622 - Logger - INFO - ==================================================
2025-07-16 16:27:11,622 - Logger - INFO - Step 1: Model training or loading...
2025-07-16 16:27:11,622 - Logger - INFO - Loading pretrained model from pretrained/unsw_fc_w2_a2_pretrained.pth
2025-07-16 16:27:14,025 - Logger - INFO - Test accuracy: 91.89%
2025-07-16 16:27:14,025 - Logger - INFO - ==================================================
2025-07-16 16:27:14,025 - Logger - INFO - Step 2: Model pruning estimation...
2025-07-16 16:29:29,643 - Logger - INFO - ==================================================
2025-07-16 16:29:29,643 - Logger - INFO - Start time: 2025-07-16 16:29:29
2025-07-16 16:29:29,643 - Logger - INFO - Starting the run_all process...
2025-07-16 16:29:29,643 - Logger - INFO - Model Name: unsw_fc, Width: 2, Activation: 2, Epochs: 500, Random Seed: 1998, Dataset Name: UNSW, Pruning Type: l1, Try ID: 0715, Folding Config File: auto
2025-07-16 16:29:29,643 - Logger - INFO - ==================================================
2025-07-16 16:29:29,643 - Logger - INFO - Step 1: Model training or loading...
2025-07-16 16:29:29,644 - Logger - INFO - Loading pretrained model from pretrained/unsw_fc_w2_a2_pretrained.pth
2025-07-16 16:29:32,053 - Logger - INFO - Test accuracy: 91.89%
2025-07-16 16:29:32,053 - Logger - INFO - ==================================================
2025-07-16 16:29:32,053 - Logger - INFO - Step 2: Model pruning estimation...
2025-07-16 16:35:34,510 - Logger - INFO - ==================================================
2025-07-16 16:35:34,510 - Logger - INFO - Start time: 2025-07-16 16:35:34
2025-07-16 16:35:34,510 - Logger - INFO - Starting the run_all process...
2025-07-16 16:35:34,510 - Logger - INFO - Model Name: unsw_fc, Width: 2, Activation: 2, Epochs: 500, Random Seed: 1998, Dataset Name: UNSW, Pruning Type: l1, Try ID: 0715, Folding Config File: auto
2025-07-16 16:35:34,510 - Logger - INFO - ==================================================
2025-07-16 16:35:34,510 - Logger - INFO - Step 1: Model training or loading...
2025-07-16 16:35:34,510 - Logger - INFO - Loading pretrained model from pretrained/unsw_fc_w2_a2_pretrained.pth
2025-07-16 16:35:36,925 - Logger - INFO - Test accuracy: 91.89%
2025-07-16 16:35:36,925 - Logger - INFO - ==================================================
2025-07-16 16:35:36,925 - Logger - INFO - Step 2: Model pruning estimation...
2025-07-16 16:35:55,947 - Logger - INFO - ==================================================
2025-07-16 16:35:55,947 - Logger - INFO - Start time: 2025-07-16 16:35:55
2025-07-16 16:35:55,947 - Logger - INFO - Starting the run_all process...
2025-07-16 16:35:55,947 - Logger - INFO - Model Name: unsw_fc, Width: 2, Activation: 2, Epochs: 500, Random Seed: 1998, Dataset Name: UNSW, Pruning Type: l1, Try ID: 0715, Folding Config File: auto
2025-07-16 16:35:55,947 - Logger - INFO - ==================================================
2025-07-16 16:35:55,947 - Logger - INFO - Step 1: Model training or loading...
2025-07-16 16:35:55,947 - Logger - INFO - Loading pretrained model from pretrained/unsw_fc_w2_a2_pretrained.pth
2025-07-16 16:35:58,367 - Logger - INFO - Test accuracy: 91.89%
2025-07-16 16:35:58,367 - Logger - INFO - ==================================================
2025-07-16 16:35:58,367 - Logger - INFO - Step 2: Model pruning estimation...
2025-07-16 16:36:21,943 - Logger - INFO - ==================================================
2025-07-16 16:36:21,943 - Logger - INFO - Start time: 2025-07-16 16:36:21
2025-07-16 16:36:21,944 - Logger - INFO - Starting the run_all process...
2025-07-16 16:36:21,944 - Logger - INFO - Model Name: unsw_fc, Width: 2, Activation: 2, Epochs: 500, Random Seed: 1998, Dataset Name: UNSW, Pruning Type: l1, Try ID: 0715, Folding Config File: auto
2025-07-16 16:36:21,944 - Logger - INFO - ==================================================
2025-07-16 16:36:21,944 - Logger - INFO - Step 1: Model training or loading...
2025-07-16 16:36:21,944 - Logger - INFO - Loading pretrained model from pretrained/unsw_fc_w2_a2_pretrained.pth
2025-07-16 16:36:24,332 - Logger - INFO - Test accuracy: 91.89%
2025-07-16 16:36:24,332 - Logger - INFO - ==================================================
2025-07-16 16:36:24,332 - Logger - INFO - Step 2: Model pruning estimation...
2025-07-16 16:37:17,537 - Logger - INFO - ==================================================
2025-07-16 16:37:17,537 - Logger - INFO - Start time: 2025-07-16 16:37:17
2025-07-16 16:37:17,537 - Logger - INFO - Starting the run_all process...
2025-07-16 16:37:17,537 - Logger - INFO - Model Name: unsw_fc, Width: 2, Activation: 2, Epochs: 500, Random Seed: 1998, Dataset Name: UNSW, Pruning Type: l1, Try ID: 0715, Folding Config File: auto
2025-07-16 16:37:17,537 - Logger - INFO - ==================================================
2025-07-16 16:37:17,537 - Logger - INFO - Step 1: Model training or loading...
2025-07-16 16:37:17,537 - Logger - INFO - Loading pretrained model from pretrained/unsw_fc_w2_a2_pretrained.pth
2025-07-16 16:37:19,942 - Logger - INFO - Test accuracy: 91.89%
2025-07-16 16:37:19,943 - Logger - INFO - ==================================================
2025-07-16 16:37:19,943 - Logger - INFO - Step 2: Model pruning estimation...
2025-07-16 16:38:00,661 - Logger - INFO - ==================================================
2025-07-16 16:38:00,661 - Logger - INFO - Start time: 2025-07-16 16:38:00
2025-07-16 16:38:00,661 - Logger - INFO - Starting the run_all process...
2025-07-16 16:38:00,661 - Logger - INFO - Model Name: unsw_fc, Width: 2, Activation: 2, Epochs: 500, Random Seed: 1998, Dataset Name: UNSW, Pruning Type: l1, Try ID: 0715, Folding Config File: auto
2025-07-16 16:38:00,661 - Logger - INFO - ==================================================
2025-07-16 16:38:00,661 - Logger - INFO - Step 1: Model training or loading...
2025-07-16 16:38:00,661 - Logger - INFO - Loading pretrained model from pretrained/unsw_fc_w2_a2_pretrained.pth
2025-07-16 16:38:03,069 - Logger - INFO - Test accuracy: 91.89%
2025-07-16 16:38:03,069 - Logger - INFO - ==================================================
2025-07-16 16:38:03,069 - Logger - INFO - Step 2: Model pruning estimation...
2025-07-16 16:47:08,256 - Logger - INFO - ==================================================
2025-07-16 16:47:08,256 - Logger - INFO - Start time: 2025-07-16 16:47:08
2025-07-16 16:47:08,256 - Logger - INFO - Starting the run_all process...
2025-07-16 16:47:08,257 - Logger - INFO - Model Name: unsw_fc, Width: 2, Activation: 2, Epochs: 500, Random Seed: 1998, Dataset Name: UNSW, Pruning Type: l1, Try ID: 0715, Folding Config File: auto
2025-07-16 16:47:08,257 - Logger - INFO - ==================================================
2025-07-16 16:47:08,257 - Logger - INFO - Step 1: Model training or loading...
2025-07-16 16:47:08,257 - Logger - INFO - Loading pretrained model from pretrained/unsw_fc_w2_a2_pretrained.pth
2025-07-16 16:47:10,647 - Logger - INFO - Test accuracy: 91.89%
2025-07-16 16:47:10,647 - Logger - INFO - ==================================================
2025-07-16 16:47:10,647 - Logger - INFO - Step 2: Model pruning estimation...
2025-07-16 16:47:48,583 - Logger - INFO - ==================================================
2025-07-16 16:47:48,583 - Logger - INFO - Start time: 2025-07-16 16:47:48
2025-07-16 16:47:48,583 - Logger - INFO - Starting the run_all process...
2025-07-16 16:47:48,583 - Logger - INFO - Model Name: unsw_fc, Width: 2, Activation: 2, Epochs: 500, Random Seed: 1998, Dataset Name: UNSW, Pruning Type: l1, Try ID: 0715, Folding Config File: auto
2025-07-16 16:47:48,583 - Logger - INFO - ==================================================
2025-07-16 16:47:48,583 - Logger - INFO - Step 1: Model training or loading...
2025-07-16 16:47:48,583 - Logger - INFO - Loading pretrained model from pretrained/unsw_fc_w2_a2_pretrained.pth
2025-07-16 16:47:50,991 - Logger - INFO - Test accuracy: 91.89%
2025-07-16 16:47:50,992 - Logger - INFO - ==================================================
2025-07-16 16:47:50,992 - Logger - INFO - Step 2: Model pruning estimation...
2025-07-16 16:48:45,807 - Logger - INFO - ==================================================
2025-07-16 16:48:45,807 - Logger - INFO - Start time: 2025-07-16 16:48:45
2025-07-16 16:48:45,807 - Logger - INFO - Starting the run_all process...
2025-07-16 16:48:45,807 - Logger - INFO - Model Name: unsw_fc, Width: 2, Activation: 2, Epochs: 500, Random Seed: 1998, Dataset Name: UNSW, Pruning Type: l1, Try ID: 0715, Folding Config File: auto
2025-07-16 16:48:45,807 - Logger - INFO - ==================================================
2025-07-16 16:48:45,807 - Logger - INFO - Step 1: Model training or loading...
2025-07-16 16:48:45,807 - Logger - INFO - Loading pretrained model from pretrained/unsw_fc_w2_a2_pretrained.pth
2025-07-16 16:48:48,184 - Logger - INFO - Test accuracy: 91.89%
2025-07-16 16:48:48,184 - Logger - INFO - ==================================================
2025-07-16 16:48:48,184 - Logger - INFO - Step 2: Model pruning estimation...
2025-07-16 16:49:29,000 - Logger - INFO - Test accuracy after pruning and retraining: 89.44%
2025-07-16 17:08:50,126 - Logger - INFO - ==================================================
2025-07-16 17:08:50,126 - Logger - INFO - Start time: 2025-07-16 17:08:50
2025-07-16 17:08:50,126 - Logger - INFO - Starting the run_all process...
2025-07-16 17:08:50,126 - Logger - INFO - Model Name: unsw_fc, Width: 2, Activation: 2, Epochs: 500, Random Seed: 1998, Dataset Name: UNSW, Pruning Type: l1, Try ID: 0715, Folding Config File: auto
2025-07-16 17:08:50,126 - Logger - INFO - ==================================================
2025-07-16 17:08:50,126 - Logger - INFO - Step 1: Model training or loading...
2025-07-16 17:08:50,126 - Logger - INFO - No pretrained model provided, using the trained model.
2025-07-16 17:09:06,978 - Logger - INFO - ==================================================
2025-07-16 17:09:06,978 - Logger - INFO - Start time: 2025-07-16 17:09:06
2025-07-16 17:09:06,978 - Logger - INFO - Starting the run_all process...
2025-07-16 17:09:06,978 - Logger - INFO - Model Name: unsw_fc, Width: 2, Activation: 2, Epochs: 500, Random Seed: 1998, Dataset Name: UNSW, Pruning Type: l1, Try ID: 0715, Folding Config File: auto
2025-07-16 17:09:06,978 - Logger - INFO - ==================================================
2025-07-16 17:09:06,978 - Logger - INFO - Step 1: Model training or loading...
2025-07-16 17:09:06,978 - Logger - INFO - Loading pretrained model from pretrained/unsw_fc_w2_a2_pretrained.pth
2025-07-16 17:09:09,405 - Logger - INFO - Test accuracy: 91.89%
2025-07-16 17:09:09,405 - Logger - INFO - ==================================================
2025-07-16 17:09:09,405 - Logger - INFO - Step 2: Model pruning estimation...
2025-07-16 17:11:59,039 - Logger - INFO - ==================================================
2025-07-16 17:11:59,039 - Logger - INFO - Start time: 2025-07-16 17:11:59
2025-07-16 17:11:59,040 - Logger - INFO - Starting the run_all process...
2025-07-16 17:11:59,040 - Logger - INFO - Model Name: unsw_fc, Width: 2, Activation: 2, Epochs: 500, Random Seed: 1998, Dataset Name: UNSW, Pruning Type: l1, Try ID: 0715, Folding Config File: auto
2025-07-16 17:11:59,040 - Logger - INFO - ==================================================
2025-07-16 17:11:59,040 - Logger - INFO - Step 1: Model training or loading...
2025-07-16 17:11:59,040 - Logger - INFO - Loading pretrained model from pretrained/unsw_fc_w2_a2_pretrained.pth
2025-07-16 17:12:01,398 - Logger - INFO - Test accuracy: 91.89%
2025-07-16 17:12:01,398 - Logger - INFO - ==================================================
2025-07-16 17:12:01,398 - Logger - INFO - Step 2: Model pruning estimation...
2025-07-16 18:12:26,742 - Logger - INFO - ==================================================
2025-07-16 18:12:26,742 - Logger - INFO - Start time: 2025-07-16 18:12:26
2025-07-16 18:12:26,742 - Logger - INFO - Starting the run_all process...
2025-07-16 18:12:26,742 - Logger - INFO - Model Name: unsw_fc, Width: 2, Activation: 2, Epochs: 500, Random Seed: 1998, Dataset Name: UNSW, Pruning Type: l1, Try ID: 0715, Folding Config File: auto
2025-07-16 18:12:26,742 - Logger - INFO - ==================================================
2025-07-16 18:12:26,742 - Logger - INFO - Step 1: Model training or loading...
2025-07-16 18:12:26,743 - Logger - INFO - Loading pretrained model from pretrained/unsw_fc_w2_a2_pretrained.pth
2025-07-16 18:12:29,101 - Logger - INFO - Test accuracy: 91.89%
2025-07-16 18:12:29,102 - Logger - INFO - ==================================================
2025-07-16 18:12:29,102 - Logger - INFO - Step 2: Model pruning estimation...
2025-07-16 18:12:57,843 - Logger - INFO - ==================================================
2025-07-16 18:12:57,843 - Logger - INFO - Step 3: Evaluate the resource consumption and bottle neck to make prune decisions...
2025-07-16 18:21:46,165 - Logger - INFO - ==================================================
2025-07-16 18:21:46,165 - Logger - INFO - Start time: 2025-07-16 18:21:46
2025-07-16 18:21:46,165 - Logger - INFO - Starting the run_all process...
2025-07-16 18:21:46,165 - Logger - INFO - Model Name: unsw_fc, Width: 2, Activation: 2, Epochs: 500, Random Seed: 1998, Dataset Name: UNSW, Pruning Type: l1, Try ID: 0715, Folding Config File: auto
2025-07-16 18:21:46,165 - Logger - INFO - ==================================================
2025-07-16 18:21:46,165 - Logger - INFO - Step 1: Model training or loading...
2025-07-16 18:21:46,165 - Logger - INFO - Loading pretrained model from pretrained/unsw_fc_w2_a2_pretrained.pth
2025-07-16 18:21:48,534 - Logger - INFO - Test accuracy: 91.89%
2025-07-16 18:21:48,534 - Logger - INFO - ==================================================
2025-07-16 18:21:48,534 - Logger - INFO - Step 2: Model pruning estimation...
2025-07-16 18:22:16,550 - Logger - INFO - ==================================================
2025-07-16 18:22:16,550 - Logger - INFO - Step 3: Evaluate the resource consumption and bottle neck to make prune decisions...
2025-07-16 18:23:21,195 - Logger - INFO - ==================================================
2025-07-16 18:23:21,195 - Logger - INFO - Start time: 2025-07-16 18:23:21
2025-07-16 18:23:21,195 - Logger - INFO - Starting the run_all process...
2025-07-16 18:23:21,195 - Logger - INFO - Model Name: unsw_fc, Width: 2, Activation: 2, Epochs: 500, Random Seed: 1998, Dataset Name: UNSW, Pruning Type: l1, Try ID: 0715, Folding Config File: auto
2025-07-16 18:23:21,195 - Logger - INFO - ==================================================
2025-07-16 18:23:21,195 - Logger - INFO - Step 1: Model training or loading...
2025-07-16 18:23:21,195 - Logger - INFO - Loading pretrained model from pretrained/unsw_fc_w2_a2_pretrained.pth
2025-07-16 18:23:23,605 - Logger - INFO - Test accuracy: 91.89%
2025-07-16 18:23:23,605 - Logger - INFO - ==================================================
2025-07-16 18:23:23,605 - Logger - INFO - Step 2: Model pruning estimation...
2025-07-16 18:23:28,248 - Logger - INFO - ==================================================
2025-07-16 18:23:28,248 - Logger - INFO - Step 3: Evaluate the resource consumption and bottle neck to make prune decisions...
2025-07-16 18:42:37,792 - Logger - INFO - ==================================================
2025-07-16 18:42:37,793 - Logger - INFO - Start time: 2025-07-16 18:42:37
2025-07-16 18:42:37,793 - Logger - INFO - Starting the run_all process...
2025-07-16 18:42:37,793 - Logger - INFO - Model Name: unsw_fc, Width: 2, Activation: 2, Epochs: 500, Random Seed: 1998, Dataset Name: UNSW, Pruning Type: l1, Try ID: 0715, Folding Config File: auto
2025-07-16 18:42:37,793 - Logger - INFO - ==================================================
2025-07-16 18:42:37,793 - Logger - INFO - Step 1: Model training or loading...
2025-07-16 18:42:37,793 - Logger - INFO - Loading pretrained model from pretrained/unsw_fc_w2_a2_pretrained.pth
2025-07-16 18:42:40,169 - Logger - INFO - Test accuracy: 91.89%
2025-07-16 18:42:40,169 - Logger - INFO - ==================================================
2025-07-16 18:42:40,169 - Logger - INFO - Step 2: Model pruning estimation...
2025-07-16 18:42:44,856 - Logger - INFO - ==================================================
2025-07-16 18:42:44,856 - Logger - INFO - Step 3: Evaluate the resource consumption and bottle neck to make prune decisions...
2025-07-16 23:01:38,272 - Logger - INFO - ==================================================
2025-07-16 23:01:38,272 - Logger - INFO - Start time: 2025-07-16 23:01:38
2025-07-16 23:01:38,272 - Logger - INFO - Starting the run_all process...
2025-07-16 23:01:38,272 - Logger - INFO - Model Name: unsw_fc, Width: 2, Activation: 2, Epochs: 500, Random Seed: 1998, Dataset Name: UNSW, Pruning Type: l1, Try ID: 0715, Folding Config File: auto
2025-07-16 23:01:38,273 - Logger - INFO - ==================================================
2025-07-16 23:01:38,273 - Logger - INFO - Step 1: Model training or loading...
2025-07-16 23:01:38,273 - Logger - INFO - Loading pretrained model from pretrained/unsw_fc_w2_a2_pretrained.pth
2025-07-16 23:01:40,670 - Logger - INFO - Test accuracy: 91.89%
2025-07-16 23:01:40,670 - Logger - INFO - ==================================================
2025-07-16 23:01:40,670 - Logger - INFO - Step 2: Model pruning estimation...
2025-07-16 23:01:45,385 - Logger - INFO - ==================================================
2025-07-16 23:01:45,385 - Logger - INFO - Step 3: Evaluate the resource consumption and bottle neck to make prune decisions...
2025-07-16 23:02:26,924 - Logger - INFO - ==================================================
2025-07-16 23:02:26,924 - Logger - INFO - Start time: 2025-07-16 23:02:26
2025-07-16 23:02:26,924 - Logger - INFO - Starting the run_all process...
2025-07-16 23:02:26,924 - Logger - INFO - Model Name: unsw_fc, Width: 2, Activation: 2, Epochs: 500, Random Seed: 1998, Dataset Name: UNSW, Pruning Type: l1, Try ID: 0715, Folding Config File: auto
2025-07-16 23:02:26,924 - Logger - INFO - ==================================================
2025-07-16 23:02:26,924 - Logger - INFO - Step 1: Model training or loading...
2025-07-16 23:02:26,924 - Logger - INFO - Loading pretrained model from pretrained/unsw_fc_w2_a2_pretrained.pth
2025-07-16 23:02:29,353 - Logger - INFO - Test accuracy: 91.89%
2025-07-16 23:02:29,353 - Logger - INFO - ==================================================
2025-07-16 23:02:29,353 - Logger - INFO - Step 2: Model pruning estimation...
2025-07-16 23:02:34,073 - Logger - INFO - ==================================================
2025-07-16 23:02:34,073 - Logger - INFO - Step 3: Evaluate the resource consumption and bottle neck to make prune decisions...
2025-07-16 23:45:02,533 - Logger - INFO - ==================================================
2025-07-16 23:45:02,534 - Logger - INFO - Start time: 2025-07-16 23:45:02
2025-07-16 23:45:02,534 - Logger - INFO - Starting the run_all process...
2025-07-16 23:45:02,534 - Logger - INFO - Model Name: unsw_fc, Width: 2, Activation: 2, Epochs: 500, Random Seed: 1998, Dataset Name: UNSW, Pruning Type: l1, Try ID: 0715, Folding Config File: auto
2025-07-16 23:45:02,534 - Logger - INFO - ==================================================
2025-07-16 23:45:02,534 - Logger - INFO - Step 1: Model training or loading...
2025-07-16 23:45:02,534 - Logger - INFO - Loading pretrained model from pretrained/unsw_fc_w2_a2_pretrained.pth
2025-07-16 23:55:53,132 - Logger - INFO - ==================================================
2025-07-16 23:55:53,132 - Logger - INFO - Start time: 2025-07-16 23:55:53
2025-07-16 23:55:53,132 - Logger - INFO - Starting the run_all process...
2025-07-16 23:55:53,132 - Logger - INFO - Model Name: unsw_fc, Width: 2, Activation: 2, Epochs: 500, Random Seed: 1998, Dataset Name: UNSW, Pruning Type: l1, Try ID: 0715, Folding Config File: auto
2025-07-16 23:55:53,132 - Logger - INFO - ==================================================
2025-07-16 23:55:53,132 - Logger - INFO - Step 1: Model training or loading...
2025-07-16 23:55:53,132 - Logger - INFO - Loading pretrained model from pretrained/unsw_fc_w2_a2_pretrained.pth
2025-07-16 23:57:03,175 - Logger - INFO - ==================================================
2025-07-16 23:57:03,175 - Logger - INFO - Start time: 2025-07-16 23:57:03
2025-07-16 23:57:03,175 - Logger - INFO - Starting the run_all process...
2025-07-16 23:57:03,175 - Logger - INFO - Model Name: unsw_fc, Width: 2, Activation: 2, Epochs: 500, Random Seed: 1998, Dataset Name: UNSW, Pruning Type: l1, Try ID: 0715, Folding Config File: auto
2025-07-16 23:57:03,175 - Logger - INFO - ==================================================
2025-07-16 23:57:03,175 - Logger - INFO - Step 1: Model training or loading...
2025-07-16 23:57:03,175 - Logger - INFO - Loading pretrained model from pretrained/unsw_fc_w2_a2_pretrained.pth
2025-07-17 00:14:32,671 - Logger - INFO - ==================================================
2025-07-17 00:14:32,671 - Logger - INFO - Start time: 2025-07-17 00:14:32
2025-07-17 00:14:32,671 - Logger - INFO - Starting the run_all process...
2025-07-17 00:14:32,671 - Logger - INFO - Model Name: unsw_fc, Width: 2, Activation: 2, Epochs: 500, Random Seed: 1998, Dataset Name: UNSW, Pruning Type: l1, Try ID: 0715, Folding Config File: auto
2025-07-17 00:14:32,671 - Logger - INFO - ==================================================
2025-07-17 00:14:32,671 - Logger - INFO - Step 1: Model training or loading...
2025-07-17 00:14:32,671 - Logger - INFO - Loading pretrained model from pretrained/unsw_fc_w2_a2_pretrained.pth
2025-07-17 00:17:24,922 - Logger - INFO - ==================================================
2025-07-17 00:17:24,922 - Logger - INFO - Start time: 2025-07-17 00:17:24
2025-07-17 00:17:24,922 - Logger - INFO - Starting the run_all process...
2025-07-17 00:17:24,922 - Logger - INFO - Model Name: unsw_fc, Width: 2, Activation: 2, Epochs: 500, Random Seed: 1998, Dataset Name: UNSW, Pruning Type: l1, Try ID: 0715, Folding Config File: auto
2025-07-17 00:17:24,922 - Logger - INFO - ==================================================
2025-07-17 00:17:24,922 - Logger - INFO - Step 1: Model training or loading...
2025-07-17 00:17:24,922 - Logger - INFO - Loading pretrained model from pretrained/unsw_fc_w2_a2_pretrained.pth
2025-07-17 00:42:04,106 - Logger - INFO - ==================================================
2025-07-17 00:42:04,106 - Logger - INFO - Start time: 2025-07-17 00:42:04
2025-07-17 00:42:04,106 - Logger - INFO - Starting the run_all process...
2025-07-17 00:42:04,106 - Logger - INFO - Model Name: unsw_fc, Width: 2, Activation: 2, Epochs: 500, Random Seed: 1998, Dataset Name: UNSW, Pruning Type: l1, Try ID: 0715, Folding Config File: auto
2025-07-17 00:42:04,106 - Logger - INFO - ==================================================
2025-07-17 00:42:04,106 - Logger - INFO - Step 1: Model training or loading...
2025-07-17 00:42:04,106 - Logger - INFO - Loading pretrained model from pretrained/unsw_fc_w2_a2_pretrained.pth
2025-07-17 00:42:06,730 - Logger - INFO - Test accuracy: 91.89%
2025-07-17 00:42:06,730 - Logger - INFO - ==================================================
2025-07-17 00:42:06,730 - Logger - INFO - Step 2: Model pruning estimation...
2025-07-17 00:42:12,311 - Logger - INFO - ==================================================
2025-07-17 00:42:12,311 - Logger - INFO - Step 3: Evaluate the resource consumption and bottle neck to make prune decisions...
2025-07-17 00:43:33,544 - Logger - INFO - ==================================================
2025-07-17 00:43:33,544 - Logger - INFO - Start time: 2025-07-17 00:43:33
2025-07-17 00:43:33,544 - Logger - INFO - Starting the run_all process...
2025-07-17 00:43:33,544 - Logger - INFO - Model Name: unsw_fc, Width: 2, Activation: 2, Epochs: 500, Random Seed: 1998, Dataset Name: UNSW, Pruning Type: l1, Try ID: 0715, Folding Config File: auto
2025-07-17 00:43:33,544 - Logger - INFO - ==================================================
2025-07-17 00:43:33,544 - Logger - INFO - Step 1: Model training or loading...
2025-07-17 00:43:33,544 - Logger - INFO - Loading pretrained model from pretrained/unsw_fc_w2_a2_pretrained.pth
2025-07-17 00:43:36,265 - Logger - INFO - Test accuracy: 91.89%
2025-07-17 00:43:36,265 - Logger - INFO - ==================================================
2025-07-17 00:43:36,265 - Logger - INFO - Step 2: Model pruning estimation...
2025-07-17 00:43:41,280 - Logger - INFO - ==================================================
2025-07-17 00:43:41,280 - Logger - INFO - Step 3: Evaluate the resource consumption and bottle neck to make prune decisions...
