训练配置:
模型: 2c3f, 权重位宽: 4, 激活位宽: 4
数据集: MNIST, 批大小: 64, 训练轮数: 50
优化器: adam, 学习率: 0.001, 权重衰减: 0.0001
学习率调度器: cosine, 耐心值: 10, 最小学习率: 1e-06
二分类阈值: 0.5, 权重裁剪: True

Epoch  |     LR     | Train Loss | Train Acc  |  Val Loss  |  Val Acc   | Status
-------------------------------------------------------------------------------------
  1    | 0.0009990  |   1.5741   |   49.85   % |   1.1921   |   65.85   % | ★ Best
  2    | 0.0009961  |   1.0233   |   71.25   % |   0.8710   |   76.34   % | ★ Best
  3    | 0.0009912  |   0.7731   |   78.90   % |   0.6766   |   81.95   % | ★ Best
  4    | 0.0009843  |   0.6115   |   83.58   % |   0.5501   |   84.72   % | ★ Best
  5    | 0.0009756  |   0.5023   |   86.45   % |   0.4813   |   86.87   % | ★ Best
  6    | 0.0009649  |   0.4358   |   88.10   % |   0.4066   |   88.96   % | ★ Best
  7    | 0.0009525  |   0.3777   |   89.69   % |   0.3713   |   89.67   % | ★ Best
  8    | 0.0009382  |   0.3362   |   90.72   % |   0.3322   |   90.72   % | ★ Best
  9    | 0.0009222  |   0.3095   |   91.19   % |   0.3141   |   90.95   % | ★ Best
  10   | 0.0009046  |   0.2846   |   92.00   % |   0.3073   |   90.98   % | ★ Best
  11   | 0.0008854  |   0.2649   |   92.41   % |   0.2614   |   92.38   % | ★ Best
  12   | 0.0008646  |   0.2464   |   93.02   % |   0.2564   |   92.50   % | ★ Best
