训练配置:
模型: 2c3f, 权重位宽: 4, 激活位宽: 4
数据集: MNIST, 批大小: 64, 训练轮数: 10
优化器: adam, 学习率: 0.001, 权重衰减: 0.0001
学习率调度器: cosine, 耐心值: 10, 最小学习率: 1e-06
二分类阈值: 0.5, 权重裁剪: True

Epoch  |     LR     | Train Loss | Train Acc  |  Val Loss  |  Val Acc   | Status
-------------------------------------------------------------------------------------
  1    | 0.0009756  |   1.5741   |   49.85   % |   1.1921   |   65.85   % | ★ Best
  2    | 0.0009046  |   1.0260   |   71.22   % |   0.8817   |   75.97   % | ★ Best
  3    | 0.0007941  |   0.7856   |   78.48   % |   0.7010   |   81.00   % | ★ Best
  4    | 0.0006549  |   0.6381   |   82.86   % |   0.5843   |   84.14   % | ★ Best
  5    | 0.0005005  |   0.5446   |   85.31   % |   0.5283   |   85.87   % | ★ Best
  6    | 0.0003461  |   0.4921   |   86.71   % |   0.4705   |   87.24   % | ★ Best
  7    | 0.0002069  |   0.4546   |   87.77   % |   0.4421   |   87.91   % | ★ Best
  8    | 0.0000964  |   0.4324   |   88.36   % |   0.4268   |   88.40   % | ★ Best
  9    | 0.0000254  |   0.4240   |   88.36   % |   0.4290   |   88.38   % | 
  10   | 0.0000010  |   0.4213   |   88.65   % |   0.4144   |   88.60   % | ★ Best

训练完成: 最佳验证准确率 88.60% (第 10 轮)
测试准确率: 89.22%
最佳模型保存至: ./model/best_2c3f_w4_a4_e10.pth
最终模型保存至: ./model/2c3f_w4_a4_e10.pth
