训练配置:
模型: 2c3f_relu, 权重位宽: 4, 激活位宽: 4
数据集: MNIST, 批大小: 256, 训练轮数: 500
优化器: adam, 学习率: 0.001, 权重衰减: 0.0001
学习率调度器: step, 耐心值: 25, 最小学习率: 1e-07
二分类阈值: 0.5, 权重裁剪: True

Epoch  |     LR     | Train Loss | Train Acc  |  Val Loss  |  Val Acc   | Status
-------------------------------------------------------------------------------------
  1    | 0.0010000  |   1.5607   |   51.01   % |   1.0898   |   70.33   % | ★ Best
  2    | 0.0010000  |   0.8940   |   76.76   % |   0.7109   |   82.30   % | ★ Best
  3    | 0.0010000  |   0.6177   |   84.71   % |   0.5276   |   87.08   % | ★ Best
  4    | 0.0010000  |   0.4700   |   88.35   % |   0.4177   |   89.86   % | ★ Best
  5    | 0.0010000  |   0.3720   |   90.71   % |   0.3391   |   91.42   % | ★ Best
  6    | 0.0010000  |   0.3145   |   92.11   % |   0.2889   |   92.54   % | ★ Best
  7    | 0.0010000  |   0.2681   |   93.24   % |   0.2562   |   93.21   % | ★ Best
  8    | 0.0010000  |   0.2386   |   93.79   % |   0.2231   |   94.06   % | ★ Best
  9    | 0.0010000  |   0.2104   |   94.53   % |   0.1990   |   94.78   % | ★ Best
  10   | 0.0010000  |   0.1916   |   94.93   % |   0.1836   |   95.19   % | ★ Best
  11   | 0.0010000  |   0.1753   |   95.20   % |   0.1642   |   95.37   % | ★ Best
  12   | 0.0010000  |   0.1587   |   95.72   % |   0.1548   |   95.81   % | ★ Best
  13   | 0.0010000  |   0.1491   |   95.84   % |   0.1410   |   95.92   % | ★ Best
  14   | 0.0010000  |   0.1369   |   96.20   % |   0.1369   |   96.11   % | ★ Best
  15   | 0.0010000  |   0.1324   |   96.24   % |   0.1294   |   96.17   % | ★ Best
  16   | 0.0010000  |   0.1257   |   96.37   % |   0.1246   |   96.39   % | ★ Best
  17   | 0.0010000  |   0.1187   |   96.59   % |   0.1156   |   96.50   % | ★ Best
  18   | 0.0010000  |   0.1102   |   96.82   % |   0.1082   |   96.93   % | ★ Best
  19   | 0.0010000  |   0.1080   |   96.89   % |   0.1075   |   96.82   % | 
  20   | 0.0010000  |   0.1005   |   97.09   % |   0.1052   |   96.83   % | 
  21   | 0.0010000  |   0.0969   |   97.16   % |   0.0968   |   97.14   % | ★ Best
  22   | 0.0010000  |   0.0941   |   97.23   % |   0.0982   |   97.00   % | 
  23   | 0.0010000  |   0.0921   |   97.20   % |   0.0948   |   97.28   % | ★ Best
  24   | 0.0010000  |   0.0885   |   97.35   % |   0.0865   |   97.39   % | ★ Best
  25   | 0.0010000  |   0.0866   |   97.38   % |   0.0975   |   97.12   % | 
  26   | 0.0010000  |   0.0820   |   97.53   % |   0.0856   |   97.43   % | ★ Best
  27   | 0.0010000  |   0.0831   |   97.40   % |   0.0845   |   97.51   % | ★ Best
  28   | 0.0010000  |   0.0779   |   97.55   % |   0.0846   |   97.44   % | 
  29   | 0.0010000  |   0.0790   |   97.59   % |   0.0785   |   97.72   % | ★ Best
  30   | 0.0010000  |   0.0735   |   97.66   % |   0.0768   |   97.62   % | 
  31   | 0.0010000  |   0.0746   |   97.72   % |   0.0779   |   97.78   % | ★ Best
  32   | 0.0010000  |   0.0723   |   97.73   % |   0.0714   |   97.73   % | 
  33   | 0.0010000  |   0.0719   |   97.74   % |   0.0783   |   97.65   % | 
  34   | 0.0010000  |   0.0702   |   97.82   % |   0.0699   |   97.75   % | 
  35   | 0.0010000  |   0.0669   |   97.88   % |   0.0735   |   97.72   % | 
  36   | 0.0010000  |   0.0678   |   97.87   % |   0.0728   |   97.62   % | 
  37   | 0.0010000  |   0.0651   |   97.94   % |   0.0714   |   97.76   % | 
  38   | 0.0010000  |   0.0660   |   97.93   % |   0.0691   |   97.78   % | 
  39   | 0.0010000  |   0.0653   |   97.89   % |   0.0710   |   97.73   % | 
  40   | 0.0010000  |   0.0635   |   97.94   % |   0.0671   |   97.97   % | ★ Best
  41   | 0.0010000  |   0.0626   |   97.96   % |   0.0691   |   97.74   % | 
  42   | 0.0010000  |   0.0633   |   98.01   % |   0.0681   |   97.94   % | 
  43   | 0.0010000  |   0.0608   |   98.06   % |   0.0669   |   97.92   % | 
  44   | 0.0010000  |   0.0619   |   97.97   % |   0.0606   |   98.14   % | ★ Best
  45   | 0.0010000  |   0.0600   |   98.08   % |   0.0658   |   97.90   % | 
  46   | 0.0010000  |   0.0591   |   98.04   % |   0.0751   |   97.67   % | 
  47   | 0.0010000  |   0.0602   |   98.07   % |   0.0654   |   98.02   % | 
  48   | 0.0010000  |   0.0595   |   98.13   % |   0.0676   |   97.90   % | 
  49   | 0.0010000  |   0.0578   |   98.16   % |   0.0697   |   97.70   % | 
  50   | 0.0010000  |   0.0586   |   98.16   % |   0.0655   |   97.94   % | 
  51   | 0.0010000  |   0.0575   |   98.12   % |   0.0720   |   97.72   % | 
  52   | 0.0010000  |   0.0566   |   98.21   % |   0.0608   |   98.08   % | 
  53   | 0.0010000  |   0.0545   |   98.25   % |   0.0659   |   97.95   % | 
  54   | 0.0010000  |   0.0556   |   98.21   % |   0.0662   |   97.89   % | 
  55   | 0.0010000  |   0.0535   |   98.29   % |   0.0657   |   97.92   % | 
  56   | 0.0010000  |   0.0545   |   98.19   % |   0.0624   |   98.18   % | ★ Best
  57   | 0.0010000  |   0.0559   |   98.25   % |   0.0679   |   97.96   % | 
  58   | 0.0010000  |   0.0533   |   98.26   % |   0.0668   |   97.97   % | 
  59   | 0.0010000  |   0.0554   |   98.18   % |   0.0590   |   98.26   % | ★ Best
  60   | 0.0010000  |   0.0531   |   98.21   % |   0.0590   |   98.12   % | 
  61   | 0.0010000  |   0.0536   |   98.31   % |   0.0644   |   97.92   % | 
  62   | 0.0010000  |   0.0508   |   98.31   % |   0.0663   |   98.04   % | 
  63   | 0.0010000  |   0.0526   |   98.32   % |   0.0621   |   98.01   % | 
  64   | 0.0010000  |   0.0539   |   98.24   % |   0.0642   |   98.03   % | 
  65   | 0.0010000  |   0.0513   |   98.35   % |   0.0570   |   98.28   % | ★ Best
  66   | 0.0010000  |   0.0506   |   98.30   % |   0.0596   |   98.08   % | 
  67   | 0.0010000  |   0.0519   |   98.25   % |   0.0602   |   97.97   % | 
  68   | 0.0010000  |   0.0513   |   98.33   % |   0.0604   |   98.08   % | 
  69   | 0.0010000  |   0.0497   |   98.33   % |   0.0583   |   98.16   % | 
  70   | 0.0010000  |   0.0502   |   98.38   % |   0.0552   |   98.13   % | 
  71   | 0.0010000  |   0.0512   |   98.28   % |   0.0573   |   98.17   % | 
  72   | 0.0010000  |   0.0508   |   98.27   % |   0.0588   |   98.21   % | 
  73   | 0.0010000  |   0.0516   |   98.28   % |   0.0690   |   97.96   % | 
  74   | 0.0010000  |   0.0488   |   98.43   % |   0.0628   |   98.08   % | 
  75   | 0.0010000  |   0.0495   |   98.35   % |   0.0644   |   98.07   % | 
  76   | 0.0010000  |   0.0480   |   98.41   % |   0.0568   |   98.21   % | 
  77   | 0.0010000  |   0.0465   |   98.48   % |   0.0618   |   98.03   % | 
  78   | 0.0010000  |   0.0506   |   98.33   % |   0.0597   |   98.11   % | 
  79   | 0.0010000  |   0.0476   |   98.41   % |   0.0582   |   98.10   % | 
  80   | 0.0010000  |   0.0479   |   98.39   % |   0.0643   |   97.96   % | 
  81   | 0.0010000  |   0.0491   |   98.38   % |   0.0574   |   98.20   % | 
  82   | 0.0010000  |   0.0478   |   98.41   % |   0.0551   |   98.25   % | 
  83   | 0.0010000  |   0.0506   |   98.34   % |   0.0601   |   98.10   % | 
  84   | 0.0010000  |   0.0466   |   98.46   % |   0.0581   |   98.11   % | 
  85   | 0.0010000  |   0.0487   |   98.43   % |   0.0589   |   98.24   % | 
  86   | 0.0010000  |   0.0488   |   98.36   % |   0.0548   |   98.28   % | 
  87   | 0.0010000  |   0.0482   |   98.39   % |   0.0565   |   98.24   % | 
  88   | 0.0010000  |   0.0459   |   98.49   % |   0.0544   |   98.28   % | 
  89   | 0.0010000  |   0.0471   |   98.47   % |   0.0598   |   98.10   % | 
  90   | 0.0010000  |   0.0482   |   98.42   % |   0.0602   |   98.18   % | 
  91   | 0.0010000  |   0.0465   |   98.48   % |   0.0584   |   98.20   % | 
  92   | 0.0010000  |   0.0464   |   98.43   % |   0.0540   |   98.21   % | 
  93   | 0.0010000  |   0.0471   |   98.43   % |   0.0614   |   98.03   % | 
  94   | 0.0010000  |   0.0465   |   98.42   % |   0.0622   |   98.08   % | 
  95   | 0.0010000  |   0.0452   |   98.54   % |   0.0589   |   98.18   % | 
  96   | 0.0010000  |   0.0457   |   98.47   % |   0.0584   |   98.07   % | 
  97   | 0.0010000  |   0.0461   |   98.48   % |   0.0585   |   98.11   % | 
  98   | 0.0010000  |   0.0466   |   98.47   % |   0.0523   |   98.27   % | 
  99   | 0.0010000  |   0.0455   |   98.50   % |   0.0571   |   98.22   % | 
 100   | 0.0001000  |   0.0456   |   98.51   % |   0.0613   |   98.06   % | 
 101   | 0.0001000  |   0.0385   |   98.70   % |   0.0428   |   98.77   % | ★ Best
 102   | 0.0001000  |   0.0356   |   98.80   % |   0.0484   |   98.53   % | 
 103   | 0.0001000  |   0.0334   |   98.87   % |   0.0443   |   98.67   % | 
 104   | 0.0001000  |   0.0316   |   98.93   % |   0.0448   |   98.64   % | 
 105   | 0.0001000  |   0.0321   |   98.94   % |   0.0416   |   98.70   % | 
 106   | 0.0001000  |   0.0312   |   98.98   % |   0.0454   |   98.64   % | 
 107   | 0.0001000  |   0.0310   |   99.00   % |   0.0461   |   98.62   % | 
 108   | 0.0001000  |   0.0301   |   98.98   % |   0.0446   |   98.53   % | 
 109   | 0.0001000  |   0.0298   |   99.00   % |   0.0452   |   98.58   % | 
 110   | 0.0001000  |   0.0304   |   99.00   % |   0.0433   |   98.59   % | 
 111   | 0.0001000  |   0.0299   |   98.97   % |   0.0420   |   98.67   % | 
 112   | 0.0001000  |   0.0307   |   98.97   % |   0.0407   |   98.74   % | 
 113   | 0.0001000  |   0.0292   |   99.03   % |   0.0445   |   98.55   % | 
 114   | 0.0001000  |   0.0310   |   98.98   % |   0.0388   |   98.82   % | ★ Best
 115   | 0.0001000  |   0.0305   |   99.01   % |   0.0457   |   98.67   % | 
 116   | 0.0001000  |   0.0296   |   98.97   % |   0.0440   |   98.58   % | 
 117   | 0.0001000  |   0.0308   |   99.01   % |   0.0428   |   98.62   % | 
 118   | 0.0001000  |   0.0299   |   98.99   % |   0.0448   |   98.63   % | 
 119   | 0.0001000  |   0.0288   |   99.04   % |   0.0420   |   98.77   % | 
 120   | 0.0001000  |   0.0288   |   99.04   % |   0.0432   |   98.58   % | 
 121   | 0.0001000  |   0.0288   |   99.03   % |   0.0469   |   98.62   % | 
 122   | 0.0001000  |   0.0295   |   98.97   % |   0.0433   |   98.76   % | 
 123   | 0.0001000  |   0.0296   |   99.05   % |   0.0421   |   98.72   % | 
 124   | 0.0001000  |   0.0298   |   99.05   % |   0.0434   |   98.72   % | 
 125   | 0.0001000  |   0.0285   |   99.05   % |   0.0438   |   98.70   % | 
 126   | 0.0001000  |   0.0293   |   98.96   % |   0.0436   |   98.61   % | 
 127   | 0.0001000  |   0.0291   |   99.01   % |   0.0418   |   98.62   % | 
 128   | 0.0001000  |   0.0282   |   99.08   % |   0.0420   |   98.67   % | 
 129   | 0.0001000  |   0.0296   |   99.01   % |   0.0423   |   98.65   % | 
 130   | 0.0001000  |   0.0304   |   98.98   % |   0.0429   |   98.80   % | 
 131   | 0.0001000  |   0.0292   |   99.01   % |   0.0427   |   98.74   % | 
 132   | 0.0001000  |   0.0306   |   98.95   % |   0.0422   |   98.66   % | 
 133   | 0.0001000  |   0.0287   |   99.01   % |   0.0431   |   98.66   % | 
 134   | 0.0001000  |   0.0300   |   98.99   % |   0.0447   |   98.67   % | 
 135   | 0.0001000  |   0.0282   |   99.05   % |   0.0428   |   98.67   % | 
 136   | 0.0001000  |   0.0300   |   99.00   % |   0.0429   |   98.60   % | 
 137   | 0.0001000  |   0.0291   |   99.03   % |   0.0421   |   98.67   % | 
 138   | 0.0001000  |   0.0294   |   98.98   % |   0.0413   |   98.67   % | 
 139   | 0.0001000  |   0.0280   |   99.05   % |   0.0438   |   98.66   % | 
 140   | 0.0001000  |   0.0283   |   99.03   % |   0.0413   |   98.72   % | 
 141   | 0.0001000  |   0.0292   |   99.04   % |   0.0423   |   98.68   % | 
 142   | 0.0001000  |   0.0282   |   99.03   % |   0.0421   |   98.69   % | 
 143   | 0.0001000  |   0.0286   |   99.02   % |   0.0428   |   98.67   % | 
 144   | 0.0001000  |   0.0299   |   98.95   % |   0.0430   |   98.73   % | 
 145   | 0.0001000  |   0.0294   |   99.05   % |   0.0427   |   98.77   % | 
 146   | 0.0001000  |   0.0285   |   99.06   % |   0.0454   |   98.62   % | 
 147   | 0.0001000  |   0.0294   |   99.05   % |   0.0434   |   98.59   % | 
 148   | 0.0001000  |   0.0289   |   99.03   % |   0.0452   |   98.67   % | 
 149   | 0.0001000  |   0.0278   |   99.05   % |   0.0383   |   98.81   % | 
 150   | 0.0001000  |   0.0292   |   99.01   % |   0.0411   |   98.66   % | 
 151   | 0.0001000  |   0.0280   |   99.04   % |   0.0409   |   98.78   % | 
 152   | 0.0001000  |   0.0283   |   99.02   % |   0.0432   |   98.72   % | 
 153   | 0.0001000  |   0.0283   |   99.05   % |   0.0440   |   98.64   % | 
 154   | 0.0001000  |   0.0285   |   99.02   % |   0.0439   |   98.75   % | 
 155   | 0.0001000  |   0.0287   |   99.02   % |   0.0433   |   98.58   % | 
 156   | 0.0001000  |   0.0288   |   99.03   % |   0.0421   |   98.74   % | 
 157   | 0.0001000  |   0.0282   |   99.02   % |   0.0439   |   98.67   % | 
 158   | 0.0001000  |   0.0283   |   99.05   % |   0.0452   |   98.63   % | 
 159   | 0.0001000  |   0.0292   |   99.02   % |   0.0445   |   98.65   % | 
 160   | 0.0001000  |   0.0283   |   99.00   % |   0.0468   |   98.64   % | 
 161   | 0.0001000  |   0.0282   |   99.03   % |   0.0411   |   98.71   % | 
 162   | 0.0001000  |   0.0275   |   99.10   % |   0.0470   |   98.56   % | 
 163   | 0.0001000  |   0.0296   |   99.03   % |   0.0415   |   98.74   % | 
 164   | 0.0001000  |   0.0273   |   99.09   % |   0.0458   |   98.62   % | 
 165   | 0.0001000  |   0.0284   |   99.03   % |   0.0458   |   98.58   % | 
 166   | 0.0001000  |   0.0281   |   99.06   % |   0.0455   |   98.62   % | 
 167   | 0.0001000  |   0.0292   |   99.04   % |   0.0426   |   98.72   % | 
 168   | 0.0001000  |   0.0278   |   99.05   % |   0.0429   |   98.78   % | 
 169   | 0.0001000  |   0.0285   |   99.05   % |   0.0403   |   98.78   % | 
 170   | 0.0001000  |   0.0279   |   99.05   % |   0.0435   |   98.74   % | 
 171   | 0.0001000  |   0.0272   |   99.06   % |   0.0406   |   98.88   % | ★ Best
 172   | 0.0001000  |   0.0288   |   98.99   % |   0.0445   |   98.78   % | 
 173   | 0.0001000  |   0.0285   |   99.01   % |   0.0444   |   98.59   % | 
 174   | 0.0001000  |   0.0285   |   99.07   % |   0.0432   |   98.64   % | 
 175   | 0.0001000  |   0.0284   |   99.04   % |   0.0457   |   98.70   % | 
 176   | 0.0001000  |   0.0286   |   99.07   % |   0.0474   |   98.62   % | 
 177   | 0.0001000  |   0.0280   |   99.06   % |   0.0421   |   98.67   % | 
 178   | 0.0001000  |   0.0278   |   99.05   % |   0.0478   |   98.59   % | 
 179   | 0.0001000  |   0.0284   |   99.02   % |   0.0439   |   98.67   % | 
 180   | 0.0001000  |   0.0287   |   98.98   % |   0.0417   |   98.64   % | 
 181   | 0.0001000  |   0.0276   |   99.05   % |   0.0471   |   98.57   % | 
 182   | 0.0001000  |   0.0277   |   99.01   % |   0.0431   |   98.71   % | 
 183   | 0.0001000  |   0.0283   |   99.04   % |   0.0474   |   98.60   % | 
 184   | 0.0001000  |   0.0283   |   99.02   % |   0.0454   |   98.67   % | 
 185   | 0.0001000  |   0.0283   |   99.06   % |   0.0442   |   98.67   % | 
 186   | 0.0001000  |   0.0296   |   98.95   % |   0.0447   |   98.57   % | 
 187   | 0.0001000  |   0.0282   |   99.01   % |   0.0451   |   98.48   % | 
 188   | 0.0001000  |   0.0293   |   99.00   % |   0.0448   |   98.63   % | 
 189   | 0.0001000  |   0.0284   |   99.04   % |   0.0443   |   98.71   % | 
 190   | 0.0001000  |   0.0293   |   99.00   % |   0.0496   |   98.54   % | 
 191   | 0.0001000  |   0.0288   |   98.99   % |   0.0455   |   98.64   % | 
 192   | 0.0001000  |   0.0283   |   99.04   % |   0.0441   |   98.59   % | 
 193   | 0.0001000  |   0.0285   |   99.03   % |   0.0460   |   98.52   % | 
 194   | 0.0001000  |   0.0283   |   98.99   % |   0.0450   |   98.60   % | 
 195   | 0.0001000  |   0.0290   |   99.01   % |   0.0433   |   98.67   % | 
 196   | 0.0001000  |   0.0286   |   98.98   % |   0.0423   |   98.68   % | 
 197   | 0.0001000  |   0.0283   |   99.03   % |   0.0492   |   98.48   % | 
 198   | 0.0001000  |   0.0290   |   99.01   % |   0.0446   |   98.58   % | 
 199   | 0.0001000  |   0.0284   |   99.05   % |   0.0444   |   98.68   % | 
 200   | 0.0000100  |   0.0289   |   99.00   % |   0.0452   |   98.64   % | 
 201   | 0.0000100  |   0.0263   |   99.11   % |   0.0451   |   98.77   % | 
 202   | 0.0000100  |   0.0248   |   99.15   % |   0.0427   |   98.63   % | 
 203   | 0.0000100  |   0.0238   |   99.16   % |   0.0397   |   98.77   % | 
 204   | 0.0000100  |   0.0241   |   99.13   % |   0.0423   |   98.72   % | 
 205   | 0.0000100  |   0.0229   |   99.21   % |   0.0416   |   98.77   % | 
 206   | 0.0000100  |   0.0251   |   99.14   % |   0.0445   |   98.66   % | 
 207   | 0.0000100  |   0.0234   |   99.24   % |   0.0402   |   98.72   % | 
 208   | 0.0000100  |   0.0244   |   99.18   % |   0.0443   |   98.66   % | 
 209   | 0.0000100  |   0.0235   |   99.18   % |   0.0422   |   98.80   % | 
 210   | 0.0000100  |   0.0239   |   99.18   % |   0.0394   |   98.90   % | ★ Best
 211   | 0.0000100  |   0.0233   |   99.19   % |   0.0405   |   98.88   % | 
 212   | 0.0000100  |   0.0228   |   99.22   % |   0.0409   |   98.74   % | 
 213   | 0.0000100  |   0.0228   |   99.20   % |   0.0387   |   98.78   % | 
 214   | 0.0000100  |   0.0232   |   99.18   % |   0.0386   |   98.84   % | 
 215   | 0.0000100  |   0.0247   |   99.12   % |   0.0387   |   98.82   % | 
 216   | 0.0000100  |   0.0242   |   99.21   % |   0.0403   |   98.84   % | 
 217   | 0.0000100  |   0.0241   |   99.17   % |   0.0419   |   98.74   % | 
 218   | 0.0000100  |   0.0228   |   99.20   % |   0.0415   |   98.71   % | 
 219   | 0.0000100  |   0.0241   |   99.18   % |   0.0430   |   98.72   % | 
 220   | 0.0000100  |   0.0236   |   99.23   % |   0.0425   |   98.80   % | 
 221   | 0.0000100  |   0.0233   |   99.19   % |   0.0398   |   98.79   % | 
 222   | 0.0000100  |   0.0239   |   99.17   % |   0.0423   |   98.78   % | 
 223   | 0.0000100  |   0.0226   |   99.27   % |   0.0391   |   98.88   % | 
 224   | 0.0000100  |   0.0247   |   99.19   % |   0.0409   |   98.75   % | 
 225   | 0.0000100  |   0.0241   |   99.16   % |   0.0393   |   98.91   % | ★ Best
 226   | 0.0000100  |   0.0261   |   99.11   % |   0.0401   |   98.76   % | 
 227   | 0.0000100  |   0.0226   |   99.19   % |   0.0413   |   98.72   % | 
 228   | 0.0000100  |   0.0233   |   99.16   % |   0.0401   |   98.78   % | 
 229   | 0.0000100  |   0.0229   |   99.20   % |   0.0428   |   98.70   % | 
 230   | 0.0000100  |   0.0242   |   99.21   % |   0.0441   |   98.80   % | 
 231   | 0.0000100  |   0.0232   |   99.22   % |   0.0402   |   98.75   % | 
 232   | 0.0000100  |   0.0236   |   99.21   % |   0.0404   |   98.86   % | 
 233   | 0.0000100  |   0.0229   |   99.22   % |   0.0412   |   98.77   % | 
 234   | 0.0000100  |   0.0233   |   99.22   % |   0.0391   |   98.75   % | 
 235   | 0.0000100  |   0.0227   |   99.21   % |   0.0424   |   98.71   % | 
 236   | 0.0000100  |   0.0245   |   99.17   % |   0.0431   |   98.75   % | 
 237   | 0.0000100  |   0.0231   |   99.23   % |   0.0393   |   98.79   % | 
 238   | 0.0000100  |   0.0238   |   99.18   % |   0.0389   |   98.74   % | 
 239   | 0.0000100  |   0.0222   |   99.23   % |   0.0428   |   98.73   % | 
 240   | 0.0000100  |   0.0236   |   99.21   % |   0.0420   |   98.80   % | 
 241   | 0.0000100  |   0.0231   |   99.20   % |   0.0390   |   98.91   % | 
 242   | 0.0000100  |   0.0244   |   99.18   % |   0.0423   |   98.78   % | 
 243   | 0.0000100  |   0.0244   |   99.24   % |   0.0403   |   98.88   % | 
 244   | 0.0000100  |   0.0245   |   99.16   % |   0.0393   |   98.72   % | 
 245   | 0.0000100  |   0.0228   |   99.18   % |   0.0408   |   98.75   % | 
 246   | 0.0000100  |   0.0242   |   99.21   % |   0.0425   |   98.74   % | 
 247   | 0.0000100  |   0.0237   |   99.21   % |   0.0423   |   98.72   % | 
 248   | 0.0000100  |   0.0238   |   99.19   % |   0.0395   |   98.86   % | 
 249   | 0.0000100  |   0.0233   |   99.22   % |   0.0399   |   98.78   % | 
 250   | 0.0000100  |   0.0240   |   99.17   % |   0.0396   |   98.88   % | 
 251   | 0.0000100  |   0.0233   |   99.21   % |   0.0413   |   98.64   % | 
 252   | 0.0000100  |   0.0245   |   99.16   % |   0.0458   |   98.68   % | 
 253   | 0.0000100  |   0.0232   |   99.19   % |   0.0403   |   98.79   % | 
 254   | 0.0000100  |   0.0243   |   99.18   % |   0.0376   |   98.86   % | 
 255   | 0.0000100  |   0.0235   |   99.24   % |   0.0407   |   98.79   % | 
 256   | 0.0000100  |   0.0244   |   99.17   % |   0.0394   |   98.77   % | 
 257   | 0.0000100  |   0.0236   |   99.22   % |   0.0385   |   98.90   % | 
 258   | 0.0000100  |   0.0213   |   99.31   % |   0.0415   |   98.72   % | 
 259   | 0.0000100  |   0.0233   |   99.18   % |   0.0421   |   98.81   % | 
 260   | 0.0000100  |   0.0238   |   99.19   % |   0.0424   |   98.62   % | 
 261   | 0.0000100  |   0.0236   |   99.19   % |   0.0403   |   98.87   % | 
 262   | 0.0000100  |   0.0236   |   99.20   % |   0.0396   |   98.85   % | 
 263   | 0.0000100  |   0.0242   |   99.16   % |   0.0413   |   98.76   % | 
 264   | 0.0000100  |   0.0238   |   99.17   % |   0.0405   |   98.67   % | 
 265   | 0.0000100  |   0.0242   |   99.20   % |   0.0418   |   98.75   % | 
 266   | 0.0000100  |   0.0236   |   99.19   % |   0.0400   |   98.78   % | 
 267   | 0.0000100  |   0.0239   |   99.20   % |   0.0409   |   98.74   % | 
 268   | 0.0000100  |   0.0244   |   99.21   % |   0.0376   |   98.88   % | 
 269   | 0.0000100  |   0.0243   |   99.17   % |   0.0443   |   98.67   % | 
 270   | 0.0000100  |   0.0234   |   99.17   % |   0.0447   |   98.64   % | 
 271   | 0.0000100  |   0.0245   |   99.17   % |   0.0427   |   98.74   % | 
 272   | 0.0000100  |   0.0239   |   99.13   % |   0.0438   |   98.62   % | 
 273   | 0.0000100  |   0.0230   |   99.19   % |   0.0443   |   98.68   % | 
 274   | 0.0000100  |   0.0230   |   99.22   % |   0.0398   |   98.82   % | 
 275   | 0.0000100  |   0.0250   |   99.14   % |   0.0448   |   98.73   % | 
 276   | 0.0000100  |   0.0239   |   99.16   % |   0.0438   |   98.78   % | 
 277   | 0.0000100  |   0.0229   |   99.18   % |   0.0433   |   98.72   % | 
 278   | 0.0000100  |   0.0240   |   99.20   % |   0.0452   |   98.70   % | 
 279   | 0.0000100  |   0.0229   |   99.20   % |   0.0414   |   98.83   % | 
 280   | 0.0000100  |   0.0240   |   99.19   % |   0.0435   |   98.80   % | 
 281   | 0.0000100  |   0.0224   |   99.24   % |   0.0412   |   98.80   % | 
 282   | 0.0000100  |   0.0228   |   99.22   % |   0.0409   |   98.87   % | 
 283   | 0.0000100  |   0.0254   |   99.12   % |   0.0406   |   98.82   % | 
 284   | 0.0000100  |   0.0232   |   99.23   % |   0.0429   |   98.80   % | 
 285   | 0.0000100  |   0.0231   |   99.22   % |   0.0398   |   98.86   % | 
 286   | 0.0000100  |   0.0224   |   99.24   % |   0.0417   |   98.72   % | 
 287   | 0.0000100  |   0.0227   |   99.25   % |   0.0444   |   98.78   % | 
 288   | 0.0000100  |   0.0238   |   99.19   % |   0.0445   |   98.67   % | 
 289   | 0.0000100  |   0.0232   |   99.23   % |   0.0416   |   98.79   % | 
 290   | 0.0000100  |   0.0237   |   99.19   % |   0.0427   |   98.72   % | 
 291   | 0.0000100  |   0.0240   |   99.20   % |   0.0385   |   98.78   % | 
 292   | 0.0000100  |   0.0238   |   99.19   % |   0.0441   |   98.78   % | 
 293   | 0.0000100  |   0.0238   |   99.20   % |   0.0423   |   98.79   % | 
 294   | 0.0000100  |   0.0258   |   99.18   % |   0.0404   |   98.76   % | 
 295   | 0.0000100  |   0.0237   |   99.18   % |   0.0422   |   98.69   % | 
 296   | 0.0000100  |   0.0249   |   99.17   % |   0.0422   |   98.69   % | 
 297   | 0.0000100  |   0.0240   |   99.20   % |   0.0376   |   98.88   % | 
 298   | 0.0000100  |   0.0242   |   99.15   % |   0.0389   |   98.85   % | 
 299   | 0.0000100  |   0.0250   |   99.16   % |   0.0423   |   98.82   % | 
 300   | 0.0000010  |   0.0232   |   99.22   % |   0.0392   |   98.77   % | 
 301   | 0.0000010  |   0.0236   |   99.21   % |   0.0420   |   98.73   % | 
 302   | 0.0000010  |   0.0229   |   99.18   % |   0.0410   |   98.72   % | 
 303   | 0.0000010  |   0.0217   |   99.28   % |   0.0424   |   98.76   % | 
 304   | 0.0000010  |   0.0221   |   99.25   % |   0.0410   |   98.84   % | 
 305   | 0.0000010  |   0.0223   |   99.25   % |   0.0391   |   98.87   % | 
 306   | 0.0000010  |   0.0212   |   99.30   % |   0.0379   |   98.84   % | 
 307   | 0.0000010  |   0.0222   |   99.21   % |   0.0397   |   98.83   % | 
 308   | 0.0000010  |   0.0221   |   99.25   % |   0.0360   |   98.94   % | ★ Best
 309   | 0.0000010  |   0.0234   |   99.21   % |   0.0393   |   98.78   % | 
 310   | 0.0000010  |   0.0227   |   99.19   % |   0.0418   |   98.59   % | 
 311   | 0.0000010  |   0.0222   |   99.25   % |   0.0443   |   98.63   % | 
 312   | 0.0000010  |   0.0213   |   99.29   % |   0.0407   |   98.75   % | 
 313   | 0.0000010  |   0.0217   |   99.25   % |   0.0394   |   98.82   % | 
 314   | 0.0000010  |   0.0213   |   99.26   % |   0.0425   |   98.75   % | 
 315   | 0.0000010  |   0.0217   |   99.30   % |   0.0396   |   98.83   % | 
 316   | 0.0000010  |   0.0222   |   99.22   % |   0.0401   |   98.91   % | 
 317   | 0.0000010  |   0.0227   |   99.22   % |   0.0390   |   98.90   % | 
 318   | 0.0000010  |   0.0227   |   99.22   % |   0.0416   |   98.83   % | 
 319   | 0.0000010  |   0.0215   |   99.29   % |   0.0401   |   98.86   % | 
 320   | 0.0000010  |   0.0217   |   99.24   % |   0.0428   |   98.78   % | 
 321   | 0.0000010  |   0.0224   |   99.24   % |   0.0414   |   98.78   % | 
 322   | 0.0000010  |   0.0216   |   99.22   % |   0.0366   |   98.95   % | ★ Best
 323   | 0.0000010  |   0.0220   |   99.27   % |   0.0395   |   98.85   % | 
 324   | 0.0000010  |   0.0222   |   99.25   % |   0.0428   |   98.64   % | 
 325   | 0.0000010  |   0.0224   |   99.22   % |   0.0386   |   98.93   % | 
 326   | 0.0000010  |   0.0226   |   99.25   % |   0.0389   |   98.89   % | 
 327   | 0.0000010  |   0.0224   |   99.23   % |   0.0419   |   98.77   % | 
 328   | 0.0000010  |   0.0223   |   99.24   % |   0.0410   |   98.71   % | 
 329   | 0.0000010  |   0.0216   |   99.31   % |   0.0434   |   98.76   % | 
 330   | 0.0000010  |   0.0215   |   99.26   % |   0.0401   |   98.72   % | 
 331   | 0.0000010  |   0.0220   |   99.24   % |   0.0402   |   98.83   % | 
 332   | 0.0000010  |   0.0215   |   99.25   % |   0.0390   |   98.74   % | 
 333   | 0.0000010  |   0.0231   |   99.17   % |   0.0411   |   98.74   % | 
 334   | 0.0000010  |   0.0211   |   99.28   % |   0.0436   |   98.80   % | 
 335   | 0.0000010  |   0.0220   |   99.24   % |   0.0418   |   98.75   % | 
 336   | 0.0000010  |   0.0214   |   99.25   % |   0.0412   |   98.72   % | 
 337   | 0.0000010  |   0.0222   |   99.25   % |   0.0417   |   98.68   % | 
 338   | 0.0000010  |   0.0220   |   99.24   % |   0.0421   |   98.78   % | 
 339   | 0.0000010  |   0.0223   |   99.26   % |   0.0447   |   98.65   % | 
 340   | 0.0000010  |   0.0237   |   99.17   % |   0.0399   |   98.85   % | 
 341   | 0.0000010  |   0.0220   |   99.23   % |   0.0401   |   98.75   % | 
 342   | 0.0000010  |   0.0216   |   99.26   % |   0.0400   |   98.83   % | 
 343   | 0.0000010  |   0.0225   |   99.24   % |   0.0403   |   98.84   % | 
 344   | 0.0000010  |   0.0216   |   99.28   % |   0.0471   |   98.60   % | 
 345   | 0.0000010  |   0.0212   |   99.28   % |   0.0395   |   98.88   % | 
 346   | 0.0000010  |   0.0220   |   99.27   % |   0.0413   |   98.82   % | 
 347   | 0.0000010  |   0.0222   |   99.24   % |   0.0405   |   98.83   % | 
 348   | 0.0000010  |   0.0209   |   99.29   % |   0.0410   |   98.79   % | 
 349   | 0.0000010  |   0.0223   |   99.24   % |   0.0411   |   98.90   % | 
 350   | 0.0000010  |   0.0231   |   99.20   % |   0.0392   |   98.83   % | 
 351   | 0.0000010  |   0.0224   |   99.22   % |   0.0397   |   98.72   % | 
 352   | 0.0000010  |   0.0224   |   99.24   % |   0.0419   |   98.74   % | 
 353   | 0.0000010  |   0.0232   |   99.21   % |   0.0422   |   98.69   % | 
 354   | 0.0000010  |   0.0218   |   99.29   % |   0.0417   |   98.68   % | 
 355   | 0.0000010  |   0.0238   |   99.21   % |   0.0403   |   98.72   % | 
 356   | 0.0000010  |   0.0228   |   99.21   % |   0.0456   |   98.72   % | 
 357   | 0.0000010  |   0.0217   |   99.28   % |   0.0393   |   98.81   % | 
 358   | 0.0000010  |   0.0221   |   99.23   % |   0.0421   |   98.70   % | 
 359   | 0.0000010  |   0.0221   |   99.24   % |   0.0444   |   98.73   % | 
 360   | 0.0000010  |   0.0226   |   99.21   % |   0.0412   |   98.76   % | 
 361   | 0.0000010  |   0.0228   |   99.22   % |   0.0403   |   98.92   % | 
 362   | 0.0000010  |   0.0218   |   99.27   % |   0.0398   |   98.76   % | 
 363   | 0.0000010  |   0.0221   |   99.20   % |   0.0422   |   98.68   % | 
 364   | 0.0000010  |   0.0226   |   99.24   % |   0.0414   |   98.84   % | 
 365   | 0.0000010  |   0.0223   |   99.25   % |   0.0427   |   98.62   % | 
 366   | 0.0000010  |   0.0217   |   99.25   % |   0.0414   |   98.71   % | 
 367   | 0.0000010  |   0.0224   |   99.26   % |   0.0394   |   98.88   % | 
 368   | 0.0000010  |   0.0233   |   99.19   % |   0.0395   |   98.83   % | 
 369   | 0.0000010  |   0.0216   |   99.26   % |   0.0418   |   98.82   % | 
 370   | 0.0000010  |   0.0217   |   99.21   % |   0.0441   |   98.77   % | 
 371   | 0.0000010  |   0.0232   |   99.20   % |   0.0443   |   98.85   % | 
 372   | 0.0000010  |   0.0221   |   99.25   % |   0.0402   |   98.83   % | 
 373   | 0.0000010  |   0.0220   |   99.26   % |   0.0425   |   98.77   % | 
 374   | 0.0000010  |   0.0225   |   99.24   % |   0.0412   |   98.67   % | 
 375   | 0.0000010  |   0.0218   |   99.26   % |   0.0391   |   98.87   % | 
 376   | 0.0000010  |   0.0224   |   99.23   % |   0.0378   |   98.86   % | 
 377   | 0.0000010  |   0.0218   |   99.27   % |   0.0405   |   98.72   % | 
 378   | 0.0000010  |   0.0220   |   99.24   % |   0.0406   |   98.72   % | 
 379   | 0.0000010  |   0.0216   |   99.27   % |   0.0404   |   98.83   % | 
 380   | 0.0000010  |   0.0230   |   99.22   % |   0.0420   |   98.74   % | 
 381   | 0.0000010  |   0.0223   |   99.25   % |   0.0413   |   98.80   % | 
 382   | 0.0000010  |   0.0226   |   99.23   % |   0.0397   |   98.76   % | 
 383   | 0.0000010  |   0.0222   |   99.26   % |   0.0418   |   98.82   % | 
 384   | 0.0000010  |   0.0228   |   99.25   % |   0.0409   |   98.83   % | 
 385   | 0.0000010  |   0.0220   |   99.25   % |   0.0395   |   98.78   % | 
 386   | 0.0000010  |   0.0227   |   99.21   % |   0.0413   |   98.80   % | 
 387   | 0.0000010  |   0.0235   |   99.18   % |   0.0406   |   98.91   % | 
 388   | 0.0000010  |   0.0230   |   99.20   % |   0.0404   |   98.70   % | 
 389   | 0.0000010  |   0.0226   |   99.20   % |   0.0424   |   98.71   % | 
 390   | 0.0000010  |   0.0229   |   99.25   % |   0.0408   |   98.85   % | 
 391   | 0.0000010  |   0.0214   |   99.25   % |   0.0392   |   98.71   % | 
 392   | 0.0000010  |   0.0222   |   99.24   % |   0.0401   |   98.80   % | 
 393   | 0.0000010  |   0.0213   |   99.27   % |   0.0399   |   98.75   % | 
 394   | 0.0000010  |   0.0222   |   99.23   % |   0.0374   |   98.82   % | 
 395   | 0.0000010  |   0.0225   |   99.23   % |   0.0421   |   98.73   % | 
 396   | 0.0000010  |   0.0219   |   99.22   % |   0.0384   |   98.92   % | 
 397   | 0.0000010  |   0.0207   |   99.34   % |   0.0400   |   98.81   % | 
 398   | 0.0000010  |   0.0222   |   99.23   % |   0.0406   |   98.82   % | 
 399   | 0.0000010  |   0.0225   |   99.23   % |   0.0427   |   98.72   % | 
 400   | 0.0000001  |   0.0234   |   99.21   % |   0.0432   |   98.73   % | 
 401   | 0.0000001  |   0.0222   |   99.24   % |   0.0424   |   98.79   % | 
 402   | 0.0000001  |   0.0218   |   99.26   % |   0.0416   |   98.81   % | 
 403   | 0.0000001  |   0.0220   |   99.26   % |   0.0406   |   98.79   % | 
 404   | 0.0000001  |   0.0213   |   99.29   % |   0.0408   |   98.76   % | 
 405   | 0.0000001  |   0.0220   |   99.22   % |   0.0436   |   98.69   % | 
 406   | 0.0000001  |   0.0228   |   99.22   % |   0.0413   |   98.89   % | 
 407   | 0.0000001  |   0.0229   |   99.21   % |   0.0442   |   98.72   % | 
 408   | 0.0000001  |   0.0208   |   99.25   % |   0.0416   |   98.75   % | 
 409   | 0.0000001  |   0.0208   |   99.33   % |   0.0378   |   98.87   % | 
 410   | 0.0000001  |   0.0214   |   99.29   % |   0.0381   |   98.85   % | 
 411   | 0.0000001  |   0.0217   |   99.25   % |   0.0393   |   98.66   % | 
 412   | 0.0000001  |   0.0202   |   99.36   % |   0.0395   |   98.85   % | 
 413   | 0.0000001  |   0.0212   |   99.31   % |   0.0400   |   98.86   % | 
 414   | 0.0000001  |   0.0216   |   99.25   % |   0.0392   |   98.86   % | 
 415   | 0.0000001  |   0.0210   |   99.33   % |   0.0397   |   98.89   % | 
 416   | 0.0000001  |   0.0221   |   99.26   % |   0.0413   |   98.76   % | 
 417   | 0.0000001  |   0.0210   |   99.24   % |   0.0368   |   98.88   % | 
 418   | 0.0000001  |   0.0215   |   99.26   % |   0.0383   |   98.78   % | 
 419   | 0.0000001  |   0.0212   |   99.29   % |   0.0405   |   98.73   % | 
 420   | 0.0000001  |   0.0217   |   99.25   % |   0.0375   |   98.78   % | 
 421   | 0.0000001  |   0.0212   |   99.28   % |   0.0412   |   98.71   % | 
 422   | 0.0000001  |   0.0222   |   99.26   % |   0.0382   |   98.88   % | 
 423   | 0.0000001  |   0.0223   |   99.26   % |   0.0420   |   98.81   % | 
 424   | 0.0000001  |   0.0216   |   99.24   % |   0.0421   |   98.75   % | 
 425   | 0.0000001  |   0.0227   |   99.24   % |   0.0438   |   98.58   % | 
 426   | 0.0000001  |   0.0212   |   99.30   % |   0.0420   |   98.75   % | 
 427   | 0.0000001  |   0.0207   |   99.29   % |   0.0380   |   98.88   % | 
 428   | 0.0000001  |   0.0215   |   99.28   % |   0.0385   |   98.86   % | 
 429   | 0.0000001  |   0.0219   |   99.27   % |   0.0386   |   98.88   % | 
 430   | 0.0000001  |   0.0212   |   99.31   % |   0.0448   |   98.67   % | 
 431   | 0.0000001  |   0.0218   |   99.28   % |   0.0371   |   98.88   % | 
 432   | 0.0000001  |   0.0216   |   99.26   % |   0.0401   |   98.72   % | 
 433   | 0.0000001  |   0.0214   |   99.26   % |   0.0377   |   98.89   % | 
 434   | 0.0000001  |   0.0216   |   99.28   % |   0.0379   |   98.85   % | 
 435   | 0.0000001  |   0.0208   |   99.30   % |   0.0391   |   98.82   % | 
 436   | 0.0000001  |   0.0217   |   99.32   % |   0.0406   |   98.92   % | 
 437   | 0.0000001  |   0.0234   |   99.20   % |   0.0387   |   98.75   % | 
 438   | 0.0000001  |   0.0221   |   99.22   % |   0.0391   |   98.85   % | 
 439   | 0.0000001  |   0.0214   |   99.26   % |   0.0378   |   98.92   % | 
 440   | 0.0000001  |   0.0212   |   99.30   % |   0.0406   |   98.83   % | 
 441   | 0.0000001  |   0.0226   |   99.26   % |   0.0401   |   98.80   % | 
 442   | 0.0000001  |   0.0221   |   99.24   % |   0.0412   |   98.79   % | 
 443   | 0.0000001  |   0.0218   |   99.28   % |   0.0422   |   98.83   % | 
 444   | 0.0000001  |   0.0211   |   99.26   % |   0.0409   |   98.78   % | 
 445   | 0.0000001  |   0.0212   |   99.27   % |   0.0412   |   98.77   % | 
 446   | 0.0000001  |   0.0211   |   99.33   % |   0.0413   |   98.78   % | 
 447   | 0.0000001  |   0.0221   |   99.26   % |   0.0437   |   98.66   % | 
 448   | 0.0000001  |   0.0223   |   99.25   % |   0.0405   |   98.80   % | 
 449   | 0.0000001  |   0.0211   |   99.28   % |   0.0394   |   98.91   % | 
 450   | 0.0000001  |   0.0214   |   99.30   % |   0.0390   |   98.88   % | 
 451   | 0.0000001  |   0.0216   |   99.29   % |   0.0413   |   98.78   % | 
 452   | 0.0000001  |   0.0219   |   99.26   % |   0.0395   |   98.78   % | 
 453   | 0.0000001  |   0.0228   |   99.21   % |   0.0381   |   98.81   % | 
 454   | 0.0000001  |   0.0211   |   99.27   % |   0.0408   |   98.77   % | 
 455   | 0.0000001  |   0.0230   |   99.22   % |   0.0382   |   98.83   % | 
 456   | 0.0000001  |   0.0229   |   99.22   % |   0.0433   |   98.77   % | 
 457   | 0.0000001  |   0.0217   |   99.28   % |   0.0410   |   98.80   % | 
 458   | 0.0000001  |   0.0215   |   99.29   % |   0.0410   |   98.84   % | 
 459   | 0.0000001  |   0.0225   |   99.24   % |   0.0441   |   98.75   % | 
 460   | 0.0000001  |   0.0219   |   99.26   % |   0.0411   |   98.85   % | 
 461   | 0.0000001  |   0.0224   |   99.23   % |   0.0405   |   98.74   % | 
 462   | 0.0000001  |   0.0220   |   99.25   % |   0.0382   |   98.85   % | 
 463   | 0.0000001  |   0.0231   |   99.20   % |   0.0403   |   98.70   % | 
 464   | 0.0000001  |   0.0221   |   99.24   % |   0.0383   |   98.77   % | 
 465   | 0.0000001  |   0.0215   |   99.26   % |   0.0405   |   98.74   % | 
 466   | 0.0000001  |   0.0222   |   99.26   % |   0.0413   |   98.73   % | 
 467   | 0.0000001  |   0.0225   |   99.21   % |   0.0429   |   98.76   % | 
 468   | 0.0000001  |   0.0217   |   99.26   % |   0.0442   |   98.67   % | 
 469   | 0.0000001  |   0.0223   |   99.25   % |   0.0402   |   98.78   % | 
 470   | 0.0000001  |   0.0216   |   99.28   % |   0.0406   |   98.84   % | 
 471   | 0.0000001  |   0.0215   |   99.27   % |   0.0367   |   98.99   % | ★ Best
 472   | 0.0000001  |   0.0221   |   99.30   % |   0.0390   |   98.73   % | 
 473   | 0.0000001  |   0.0220   |   99.24   % |   0.0410   |   98.94   % | 
 474   | 0.0000001  |   0.0226   |   99.23   % |   0.0405   |   98.79   % | 
 475   | 0.0000001  |   0.0216   |   99.28   % |   0.0406   |   98.81   % | 
 476   | 0.0000001  |   0.0218   |   99.23   % |   0.0424   |   98.73   % | 
 477   | 0.0000001  |   0.0215   |   99.28   % |   0.0374   |   98.87   % | 
 478   | 0.0000001  |   0.0215   |   99.29   % |   0.0398   |   98.86   % | 
 479   | 0.0000001  |   0.0219   |   99.26   % |   0.0433   |   98.74   % | 
 480   | 0.0000001  |   0.0213   |   99.27   % |   0.0407   |   98.86   % | 
 481   | 0.0000001  |   0.0213   |   99.25   % |   0.0412   |   98.75   % | 
 482   | 0.0000001  |   0.0213   |   99.28   % |   0.0395   |   98.78   % | 
 483   | 0.0000001  |   0.0212   |   99.29   % |   0.0385   |   98.83   % | 
 484   | 0.0000001  |   0.0198   |   99.33   % |   0.0412   |   98.67   % | 
 485   | 0.0000001  |   0.0217   |   99.28   % |   0.0374   |   98.81   % | 
 486   | 0.0000001  |   0.0220   |   99.29   % |   0.0369   |   98.88   % | 
 487   | 0.0000001  |   0.0224   |   99.23   % |   0.0421   |   98.81   % | 
 488   | 0.0000001  |   0.0218   |   99.24   % |   0.0373   |   98.88   % | 
 489   | 0.0000001  |   0.0209   |   99.29   % |   0.0390   |   98.82   % | 
 490   | 0.0000001  |   0.0227   |   99.20   % |   0.0441   |   98.63   % | 
 491   | 0.0000001  |   0.0214   |   99.28   % |   0.0401   |   98.80   % | 
 492   | 0.0000001  |   0.0221   |   99.18   % |   0.0436   |   98.71   % | 
 493   | 0.0000001  |   0.0211   |   99.25   % |   0.0403   |   98.82   % | 
 494   | 0.0000001  |   0.0219   |   99.23   % |   0.0424   |   98.73   % | 
 495   | 0.0000001  |   0.0204   |   99.30   % |   0.0383   |   98.83   % | 
 496   | 0.0000001  |   0.0212   |   99.27   % |   0.0408   |   98.83   % | 
 497   | 0.0000001  |   0.0218   |   99.28   % |   0.0431   |   98.70   % | 
 498   | 0.0000001  |   0.0219   |   99.23   % |   0.0366   |   98.89   % | 
 499   | 0.0000001  |   0.0211   |   99.28   % |   0.0408   |   98.75   % | 
 500   | 0.0000000  |   0.0220   |   99.26   % |   0.0403   |   98.78   % | 

训练完成: 最佳验证准确率 98.99% (第 471 轮)
测试准确率: 98.91%
最佳模型保存至: ./model/best_2c3f_relu_w4_a4_e500.pth
最终模型保存至: ./model/2c3f_relu_w4_a4_e500.pth
