训练配置:
模型: unsw_fc, 权重位宽: 2, 激活位宽: 2
数据集: UNSW, 批大小: 10, 训练轮数: 10
优化器: adam, 学习率: 0.003, 权重衰减: 1e-05
学习率调度器: plateau, 耐心值: 50, 最小学习率: 3e-07
二分类阈值: 0.5, 权重裁剪: True
冻结零权重: False

Epoch  |     LR     | Train Loss | Train Acc  |  Val Loss  |  Val Acc   | Status
-------------------------------------------------------------------------------------
  1    | 0.0030000  |   0.1972   |   92.25   % |   0.1813   |   92.99   % | ★ Best
  2    | 0.0030000  |   0.1744   |   92.66   % |   0.1721   |   91.50   % | 
  3    | 0.0030000  |   0.1613   |   92.96   % |   0.1518   |   93.23   % | ★ Best
  4    | 0.0030000  |   0.1478   |   93.39   % |   0.1455   |   93.41   % | ★ Best
  5    | 0.0030000  |   0.1443   |   93.31   % |   0.1390   |   93.55   % | ★ Best
  6    | 0.0030000  |   0.1404   |   93.55   % |   0.1397   |   93.63   % | ★ Best
  7    | 0.0030000  |   0.1388   |   93.48   % |   0.1375   |   93.59   % | 
  8    | 0.0030000  |   0.1380   |   93.45   % |   0.1373   |   93.41   % | 
  9    | 0.0030000  |   0.1375   |   93.43   % |   0.1378   |   93.29   % | 
  10   | 0.0030000  |   0.1364   |   93.39   % |   0.1353   |   93.37   % | 

训练完成: 最佳验证准确率 93.63% (第 6 轮)
测试准确率: 83.97%
最佳模型保存至: ./model/best_unsw_fc_w2_a2_e10.pth
最终模型保存至: ./model/unsw_fc_w2_a2_e10.pth
